--------------------------------------------------
Configuration
--------------------------------------------------
Backend:		automatic
Runtime:		7200 seconds
Collect stats:		every 60 seconds
Java threads:		4
Salt length:		4194304 bytes
Password length:	4194304 bytes
Secret length:		4194304 bytes
AD length:		4194304 bytes
Hash length:		4194304 bytes
Type:			Argon2id
Version:		v13
Memory cost:		4096 KB
Time cost:		2 passes
Parallelism:		2 lanes/threads
--------------------------------------------------
[11:39:33] Pid: 2123. Estimated completion before 01:40:33

T,C,%CPU,RSS,S0C,S1C,S0U,S1U,EC,EU,OC,OU,MC,MU,CCSC,CCSU,YGC,YGCT,FGC,FGCT,GCT
0,0,17.5,54436,87040.0,87040.0,0.0,0.0,524800.0,31488.1,1398272.0,0.0,4480.0,774.6,384.0,75.9,0,0.000,0,0.000,0.000
60758,1176,431,2242432,148992.0,144384.0,98496.4,0.0,405504.0,349552.7,1398272.0,268854.5,7296.0,6841.5,896.0,750.8,394,5.777,15,0.387,6.164
121000,2380,437,2266744,137728.0,134656.0,95701.7,0.0,426496.0,0.0,1398272.0,695619.7,7296.0,6845.0,896.0,750.8,792,11.447,26,0.626,12.073
181256,3584,439,2280548,166912.0,168448.0,0.0,72491.0,361984.0,82168.0,1398272.0,325261.6,7296.0,6846.1,896.0,751.3,1193,17.161,38,0.906,18.067
241500,4776,439,2309260,147456.0,157184.0,79349.7,0.0,384512.0,105840.7,1398272.0,1277775.0,7296.0,6847.5,896.0,751.3,1593,22.947,49,1.150,24.096
301755,5960,440,2313568,170496.0,166912.0,0.0,136758.0,360960.0,264769.1,1398272.0,207334.4,7296.0,6847.5,896.0,751.3,1995,29.015,62,1.448,30.463
362031,7140,441,2313564,143872.0,123392.0,0.0,123040.4,421376.0,103395.1,1398272.0,805849.9,7296.0,6851.0,896.0,751.3,2402,35.040,74,1.715,36.755
422228,8316,442,2326596,139776.0,112640.0,0.0,112149.9,423936.0,299146.6,1398272.0,940331.9,7296.0,6851.0,896.0,751.3,2810,41.089,86,1.983,43.072
482456,9502,441,2321972,139264.0,137728.0,0.0,61568.2,419840.0,238970.0,1398272.0,402784.9,7296.0,6851.0,896.0,751.3,3218,47.263,99,2.269,49.532
542667,10682,441,2304244,158208.0,173056.0,0.0,84811.0,352768.0,0.0,1398272.0,270549.1,7296.0,6854.1,896.0,751.3,3622,53.266,111,2.550,55.816
602891,11870,442,2317352,129024.0,132608.0,0.0,97131.0,431104.0,131217.6,1398272.0,1142034.4,7296.0,6856.0,896.0,752.3,4044,59.790,123,2.824,62.615
663155,13054,442,2309324,134656.0,132096.0,98464.4,0.0,432128.0,272020.5,1398272.0,672440.5,7296.0,6856.7,896.0,752.3,4461,66.296,136,3.110,69.406
723433,14252,442,2293248,155136.0,160256.0,0.0,91669.7,378368.0,0.0,1398272.0,538412.5,7296.0,6857.5,896.0,752.3,4872,72.747,149,3.419,76.166
783703,15452,442,2304916,164352.0,159232.0,72490.9,0.0,375296.0,0.0,1398272.0,921895.4,7296.0,6857.5,896.0,752.3,5281,79.120,161,3.713,82.833
843944,16662,443,2317760,161792.0,165888.0,0.0,109419.0,366592.0,83728.7,1398272.0,203249.2,7296.0,6857.5,896.0,752.3,5680,85.422,173,3.973,89.396
904206,17862,443,2346168,156160.0,152576.0,105259.1,0.0,390144.0,203016.1,1398272.0,1090433.6,7296.0,6857.5,896.0,752.3,6107,92.094,185,4.236,96.329
964426,19070,443,2338664,183296.0,181248.0,0.0,71157.6,330240.0,302773.3,1398272.0,744642.6,7296.0,6857.5,896.0,752.3,6524,98.513,198,4.530,103.044
1024638,20274,443,2332392,178688.0,174080.0,114880.4,0.0,346112.0,144753.0,1398272.0,991564.8,7296.0,6858.1,896.0,752.3,6927,104.805,210,4.818,109.623
1084826,21464,443,2318864,181248.0,184832.0,0.0,116277.7,327680.0,58324.5,1398272.0,916564.8,7296.0,6858.4,896.0,752.3,7360,111.460,223,5.113,116.573
1145075,22650,443,2340564,136704.0,136704.0,68426.9,0.0,425472.0,363323.8,1398272.0,516654.0,7296.0,6869.6,896.0,752.3,7789,118.138,237,5.437,123.575
1205268,23850,443,2310868,137728.0,137216.0,82080.3,0.0,423936.0,136193.1,1398272.0,935651.0,7296.0,6873.3,896.0,752.3,8201,124.622,249,5.701,130.323
1265489,25042,443,2311128,171008.0,168448.0,0.0,49312.2,357888.0,17307.3,1398272.0,745645.9,7296.0,6873.8,896.0,752.3,8618,131.256,262,5.998,137.254
1325689,26234,443,2295560,138752.0,143360.0,0.0,93035.1,412160.0,388993.7,1398272.0,1021706.9,7296.0,6873.8,896.0,752.3,9047,137.879,275,6.304,144.183
1385939,27440,443,2341948,152064.0,148992.0,0.0,123040.5,396288.0,214054.7,1398272.0,524361.7,7296.0,6874.9,896.0,752.3,9470,144.691,288,6.584,151.275
1446181,28656,443,2344308,187904.0,190976.0,0.0,67061.6,316928.0,108874.4,1398272.0,719680.0,7296.0,6878.5,896.0,752.3,9888,151.304,301,6.881,158.185
1506423,29866,443,2335816,159232.0,162816.0,0.0,98464.4,370176.0,0.0,1398272.0,1144440.4,7296.0,6878.8,896.0,752.3,10312,158.214,314,7.186,165.400
1566662,31074,443,2322216,132608.0,133632.0,105323.0,0.0,431616.0,0.0,1398272.0,610953.8,7296.0,6878.8,896.0,752.3,10739,164.829,327,7.492,172.321
1626892,32276,443,2296372,180224.0,143872.0,0.0,143488.6,343040.0,0.0,1398272.0,752787.5,7296.0,6883.8,896.0,752.3,11166,171.595,340,7.787,179.381
1687158,33482,443,2296624,139264.0,136192.0,90304.4,0.0,423424.0,230189.3,1398272.0,643210.5,7296.0,6884.1,896.0,752.3,11584,178.403,353,8.104,186.506
1747450,34680,443,2336852,138752.0,140800.0,0.0,98464.4,414720.0,86658.9,1398272.0,609035.3,7296.0,6884.1,896.0,752.3,12011,185.225,366,8.398,193.623
1807666,35884,443,2321024,145408.0,144896.0,71189.6,0.0,408576.0,244231.8,1398272.0,526090.1,7296.0,6884.4,896.0,752.3,12429,191.830,378,8.700,200.530
1867936,37094,443,2318448,157696.0,164864.0,0.0,93003.0,369152.0,34100.1,1398272.0,998532.5,7296.0,6888.1,896.0,752.3,12855,198.527,390,8.959,207.487
1928214,38318,443,2297204,195072.0,195072.0,131296.6,0.0,308736.0,273717.0,1398272.0,553343.2,7296.0,6885.4,896.0,749.6,13290,205.436,403,9.261,214.697
1988491,39532,443,2297208,142848.0,146944.0,0.0,93035.0,404992.0,0.0,1398272.0,917865.3,7296.0,6886.2,896.0,749.6,13721,212.403,416,9.575,221.978
2048742,40752,443,2317648,169984.0,37376.0,0.0,36960.1,370176.0,252280.4,1398272.0,949222.2,7296.0,6886.6,896.0,749.6,14136,219.239,428,9.864,229.103
2109016,41968,443,2334852,177152.0,177664.0,128533.8,0.0,343552.0,310742.9,1398272.0,148552.9,7296.0,6887.0,896.0,749.6,14556,226.154,441,10.200,236.353
2169216,43202,443,2319456,151552.0,153088.0,86176.4,0.0,392704.0,122371.4,1398272.0,298840.0,7296.0,6887.0,896.0,749.6,14979,233.143,453,10.489,243.633
2229427,44428,442,2343348,180736.0,174592.0,101163.0,0.0,343552.0,61863.3,1398272.0,596628.9,7296.0,6887.0,896.0,749.6,15401,240.015,465,10.769,250.783
2289623,45664,442,2322596,136192.0,139264.0,0.0,84747.0,417792.0,29562.9,1398272.0,408231.6,7296.0,6888.1,896.0,749.6,15822,246.715,477,11.026,257.741
2349847,46902,442,2314688,157184.0,157184.0,0.0,117579.1,379392.0,351508.7,1398272.0,173132.9,7296.0,6888.1,896.0,749.6,16254,253.629,490,11.324,264.953
2410136,48132,442,2334408,154112.0,155136.0,61600.2,0.0,388608.0,156517.4,1398272.0,868615.8,7296.0,6889.0,896.0,749.6,16685,260.679,503,11.635,272.314
2470361,49366,442,2327304,173056.0,171008.0,72555.0,0.0,354816.0,40447.4,1398272.0,1207361.6,7296.0,6889.3,896.0,749.6,17125,267.775,516,11.953,279.728
2530568,50588,442,2344768,145920.0,146432.0,0.0,68394.9,402944.0,32970.7,1398272.0,354865.3,7296.0,6889.9,896.0,749.6,17566,275.040,530,12.289,287.329
2590827,51810,442,2335488,198144.0,157696.0,0.0,0.0,317952.0,245303.1,1398272.0,253711.2,7296.0,6891.3,896.0,749.6,18022,282.149,544,12.610,294.759
2651027,53040,442,2323912,140288.0,143872.0,119008.4,0.0,411136.0,323450.3,1398272.0,415068.4,7296.0,6891.7,896.0,749.6,18455,289.177,557,12.894,302.071
2711309,54280,442,2340128,140800.0,139776.0,91605.7,0.0,418304.0,417848.6,1398272.0,941168.8,7296.0,6891.7,896.0,749.6,18877,296.225,569,13.164,309.389
2771565,55512,442,2299928,193024.0,161792.0,0.0,161301.9,333312.0,200597.8,1398272.0,148576.3,7296.0,6892.0,896.0,749.6,19316,303.317,583,13.496,316.813
2831844,56746,442,2320904,155136.0,160768.0,88906.9,0.0,377344.0,320150.4,1398272.0,860387.2,7296.0,6892.0,896.0,749.6,19755,310.366,596,13.797,324.163
2892038,57978,442,2337836,149504.0,151040.0,0.0,83413.6,396800.0,265781.6,1398272.0,742906.8,7296.0,6892.0,896.0,749.6,20172,317.177,608,14.079,331.256
2952256,59198,442,2337108,183296.0,185344.0,128469.9,0.0,328192.0,312306.1,1398272.0,839886.8,7296.0,6892.0,896.0,749.6,20603,324.218,621,14.391,338.609
3012499,60416,442,2316860,155648.0,125952.0,0.0,125803.1,395264.0,28065.5,1398272.0,169034.5,7296.0,6892.4,896.0,749.6,21044,331.454,635,14.706,346.160
3072749,61638,442,2317480,159232.0,143872.0,0.0,143552.6,395776.0,0.0,1398272.0,383558.6,7296.0,6893.2,896.0,749.6,21476,338.326,648,14.999,353.325
3133001,62864,442,2325712,131584.0,135168.0,114912.4,0.0,428544.0,355212.8,1398272.0,1195312.7,7296.0,6893.2,896.0,749.6,21907,345.443,660,15.303,360.746
3193242,64100,442,2323392,136704.0,137728.0,0.0,75221.7,423424.0,398818.4,1398272.0,240121.0,7296.0,6895.5,896.0,749.6,22333,352.316,673,15.610,367.926
3253507,65330,442,2317552,148992.0,148992.0,107989.7,0.0,400896.0,399760.4,1398272.0,283814.6,7296.0,6895.5,896.0,749.6,22766,359.300,686,15.922,375.222
3313755,66576,442,2341948,132608.0,131072.0,101163.1,0.0,435200.0,168569.4,1398272.0,431408.9,7296.0,6895.9,896.0,749.6,23187,366.234,698,16.239,382.473
3373960,67814,442,2346276,138240.0,135680.0,87541.7,0.0,424960.0,228047.1,1398272.0,359024.4,7296.0,6895.9,896.0,749.6,23619,373.197,711,16.527,389.724
3434164,69050,442,2325760,157184.0,162304.0,0.0,99765.7,374272.0,244968.3,1398272.0,792115.7,7296.0,6895.9,896.0,749.6,24061,380.257,724,16.809,397.066
3494389,70276,442,2347336,155648.0,160256.0,0.0,95701.7,373760.0,370497.6,1398272.0,651310.8,7296.0,6896.8,896.0,749.6,24508,387.481,738,17.144,404.625
3554614,71512,442,2315560,147456.0,143872.0,0.0,121803.1,406528.0,231350.8,1398272.0,740243.7,7296.0,6897.5,896.0,749.6,24939,394.422,751,17.430,411.852
3614886,72740,442,2301420,163328.0,162816.0,121739.1,0.0,372736.0,101657.7,1398272.0,671755.2,7296.0,6900.4,896.0,749.6,25388,401.653,765,17.742,419.395
3675064,73970,442,2301432,163328.0,167424.0,35658.8,0.0,364032.0,262487.2,1398272.0,972534.9,7296.0,6900.6,896.0,749.6,25832,408.709,778,18.046,426.755
3735293,75206,442,2325888,147456.0,153600.0,124437.8,0.0,391680.0,151845.1,1398272.0,741593.6,7296.0,6904.6,896.0,749.6,26270,415.732,791,18.342,434.074
3795501,76444,442,2348032,179712.0,173056.0,109451.0,0.0,346112.0,142242.1,1398272.0,1077488.4,7296.0,6906.3,896.0,749.6,26708,422.754,804,18.641,441.395
3855706,77680,442,2301968,138752.0,139776.0,108021.7,0.0,419328.0,10922.7,1398272.0,477855.6,7296.0,6909.5,896.0,749.6,27148,429.742,818,18.973,448.716
3915948,78924,442,2347212,177664.0,183808.0,0.0,93035.0,331264.0,121186.2,1398272.0,317937.7,7296.0,6911.9,896.0,749.6,27581,436.700,831,19.262,455.961
3976197,80142,442,2326440,200192.0,195584.0,88907.0,0.0,303104.0,154749.8,1398272.0,454556.0,7296.0,6911.9,896.0,749.6,28032,443.819,845,19.574,463.393
4036408,81376,442,2344916,150016.0,151040.0,57504.2,0.0,396800.0,55590.3,1398272.0,1028549.2,7296.0,6911.9,896.0,749.6,28480,450.967,858,19.894,470.861
4096647,82602,442,2302288,145408.0,142848.0,105323.1,0.0,410624.0,80025.3,1398272.0,158110.6,7296.0,6912.2,896.0,749.6,28926,458.294,872,20.208,478.502
4156868,83836,442,2302320,163328.0,159232.0,95797.7,0.0,376320.0,308873.2,1398272.0,668975.9,7296.0,6912.2,896.0,749.6,29351,465.282,884,20.473,485.755
4217205,85066,442,2321536,150016.0,152064.0,0.0,73888.3,392704.0,36054.8,1398272.0,1088597.4,7296.0,6912.8,896.0,749.6,29787,472.360,897,20.753,493.112
4277447,86306,442,2335192,141824.0,141312.0,77952.3,0.0,415744.0,157790.9,1398272.0,484670.2,7296.0,6912.8,896.0,749.6,30220,479.442,911,21.098,500.541
4337656,87550,442,2351364,195584.0,198144.0,38357.5,0.0,302592.0,228609.2,1398272.0,423158.3,7296.0,6913.5,896.0,749.6,30640,486.213,923,21.377,507.590
4397860,88790,442,2318980,130560.0,133120.0,0.0,95637.7,428544.0,105872.9,1398272.0,1103726.0,7296.0,6913.9,896.0,749.6,31075,493.280,935,21.647,514.927
4458160,90020,442,2323092,164864.0,163840.0,78048.3,0.0,370176.0,95403.0,1398272.0,1155533.1,7296.0,6913.9,896.0,749.6,31506,500.225,948,21.991,522.216
4518388,91246,442,2302828,166912.0,161280.0,97067.1,0.0,370688.0,0.0,1398272.0,633606.7,7296.0,6913.9,896.0,749.6,31948,507.301,961,22.290,529.591
4578661,92470,442,2322108,191488.0,190464.0,58837.6,0.0,316928.0,32122.1,1398272.0,309749.0,7296.0,6915.4,896.0,749.6,32396,514.483,975,22.615,537.099
4638877,93702,442,2320964,131584.0,130560.0,0.0,68426.9,434688.0,340246.9,1398272.0,997114.9,7296.0,6915.4,896.0,749.6,32837,521.586,988,22.911,544.497
4699141,94934,442,2345416,121856.0,119808.0,97067.0,0.0,457216.0,0.0,1398272.0,693773.3,7296.0,6915.4,896.0,749.6,33262,528.440,1001,23.190,551.630
4759407,96178,442,2353616,144384.0,144384.0,0.0,69760.2,410112.0,94062.1,1398272.0,382243.3,7296.0,6916.5,896.0,749.6,33697,535.339,1014,23.500,558.840
4819676,97400,442,2341280,150528.0,129024.0,0.0,128533.8,409088.0,226505.9,1398272.0,1065386.6,7296.0,6916.5,896.0,749.6,34141,542.590,1027,23.833,566.423
4879892,98638,442,2343528,161280.0,161280.0,0.0,118944.4,371712.0,121404.0,1398272.0,942406.2,7296.0,6916.5,896.0,749.6,34583,549.585,1040,24.141,573.725
4940107,99876,442,2341244,145408.0,120832.0,0.0,120341.7,417280.0,112950.3,1398272.0,1290776.0,7296.0,6916.5,896.0,749.6,35009,556.591,1052,24.432,581.022
5000335,101120,442,2320984,200704.0,199680.0,65664.2,0.0,298496.0,0.0,1398272.0,449066.3,7296.0,6917.5,896.0,749.6,35428,563.187,1065,24.740,587.927
5060616,102360,442,2304788,157696.0,158208.0,68426.9,0.0,382464.0,70358.7,1398272.0,680129.6,7296.0,6918.5,896.0,749.6,35852,570.136,1077,25.020,595.155
5120866,103586,442,2350792,187904.0,185344.0,128533.8,0.0,325632.0,282163.4,1398272.0,365719.0,7296.0,6919.2,896.0,749.6,36300,577.275,1091,25.382,602.657
5181086,104824,442,2339196,123392.0,124416.0,0.0,86144.3,450048.0,0.0,1398272.0,986222.0,7296.0,6919.9,896.0,749.6,36719,584.102,1103,25.692,609.794
5241333,106052,442,2351144,183808.0,183808.0,57504.2,0.0,331264.0,114239.1,1398272.0,995618.1,7296.0,6919.9,896.0,749.6,37150,591.008,1116,25.992,616.999
5301538,107298,442,2305124,173568.0,174592.0,57472.2,0.0,349696.0,262213.5,1398272.0,1084389.1,7296.0,6919.9,896.0,749.6,37587,598.029,1129,26.284,624.313
5361840,108528,442,2341840,134656.0,134144.0,75189.7,0.0,430080.0,22844.8,1398272.0,790716.1,7296.0,6919.9,896.0,749.6,38026,605.281,1142,26.589,631.869
5422077,109762,442,2305152,150528.0,151552.0,0.0,110752.5,395776.0,237260.1,1398272.0,490190.0,7296.0,6919.9,896.0,749.6,38447,612.162,1155,26.898,639.060
5482345,110994,442,2305416,138240.0,127488.0,0.0,127168.4,433152.0,61031.1,1398272.0,943908.9,7296.0,6919.9,896.0,749.6,38885,619.138,1168,27.219,646.357
5542621,112228,442,2333644,158208.0,164352.0,132597.9,0.0,370176.0,162660.3,1398272.0,644540.7,7296.0,6919.9,896.0,749.6,39310,626.035,1181,27.517,653.551
5602858,113460,442,2305396,143872.0,142848.0,77984.3,0.0,412160.0,0.0,1398272.0,1109157.0,7296.0,6919.9,896.0,749.6,39746,633.073,1194,27.831,660.904
5663098,114694,442,2325668,142336.0,140800.0,101163.0,0.0,415744.0,298836.8,1398272.0,551631.4,7296.0,6919.9,896.0,749.6,40152,639.697,1206,28.152,667.849
5723408,115926,442,2343876,163840.0,183296.0,157205.9,0.0,332288.0,216831.3,1398272.0,763436.6,7296.0,6920.6,896.0,749.6,40584,646.745,1219,28.471,675.216
5783640,117134,442,2305408,156160.0,158720.0,49280.2,0.0,381440.0,291541.2,1398272.0,551540.8,7296.0,6920.9,896.0,749.6,41028,653.887,1233,28.772,682.659
5843902,118360,442,2337740,180224.0,183296.0,0.0,88843.0,329728.0,222765.9,1398272.0,853446.8,7296.0,6925.3,896.0,749.6,41467,660.931,1246,29.058,689.989
5904166,119586,442,2329848,178176.0,183296.0,150443.2,0.0,332288.0,189424.9,1398272.0,375816.8,7296.0,6927.7,896.0,749.6,41888,667.819,1259,29.383,697.202
5964391,120812,442,2305724,151040.0,145920.0,97099.1,0.0,401920.0,222811.2,1398272.0,1024402.0,7296.0,6927.7,896.0,749.6,42316,674.714,1271,29.688,704.402
6024662,122020,442,2305724,186368.0,150528.0,0.0,150379.2,325120.0,10922.7,1398272.0,1296255.8,7296.0,6931.1,896.0,749.6,42759,682.090,1284,29.993,712.082
6084954,123258,442,2305724,144896.0,116736.0,0.0,116245.7,419328.0,117263.7,1398272.0,498336.8,7296.0,6931.1,896.0,749.6,43179,688.765,1297,30.278,719.044
6145197,124488,442,2348392,159744.0,159232.0,0.0,58837.6,374272.0,12633.6,1398272.0,757849.4,7296.0,6931.1,896.0,749.6,43601,695.341,1308,30.555,725.897
6205417,125742,442,2350748,150016.0,49664.0,0.0,49312.2,399872.0,309596.5,1398272.0,357605.3,7296.0,6931.1,896.0,749.6,44017,701.597,1318,30.781,732.379
6265645,126976,442,2306000,136704.0,133632.0,73920.3,0.0,428544.0,327929.6,1398272.0,790711.3,7296.0,6931.1,896.0,749.6,44444,707.863,1328,31.005,738.868
6325892,128234,442,2344480,141312.0,140800.0,0.0,101195.1,415744.0,28509.6,1398272.0,354084.8,7296.0,6931.4,896.0,749.6,44863,713.871,1338,31.236,745.108
6386134,129482,442,2306008,151040.0,151040.0,0.0,106720.4,390656.0,0.0,1398272.0,1047861.0,7296.0,6931.4,896.0,749.6,45281,719.792,1347,31.430,751.222
6446399,130756,442,2314180,184832.0,180736.0,64266.9,0.0,333312.0,231985.3,1398272.0,672536.6,7296.0,6932.6,896.0,749.6,45684,725.337,1355,31.603,756.940
6506697,132020,441,2334552,158208.0,154112.0,61632.2,0.0,386560.0,214539.0,1398272.0,822306.9,7296.0,6932.6,896.0,749.6,46086,730.845,1363,31.783,762.628
6566986,133290,441,2358948,124928.0,127488.0,0.0,83445.7,443904.0,430559.7,1398272.0,279813.9,7296.0,6932.6,896.0,749.6,46499,736.535,1371,31.961,768.495
6627183,134552,441,2354860,120320.0,129024.0,78016.3,0.0,440832.0,145703.0,1398272.0,298913.0,7296.0,6932.9,896.0,749.6,46909,742.199,1379,32.129,774.328
6687445,135836,441,2328400,151552.0,121856.0,0.0,121675.1,406016.0,143178.8,1398272.0,820956.2,7296.0,6932.9,896.0,749.6,47312,747.615,1386,32.281,779.896
6747657,137086,441,2344596,173056.0,179200.0,0.0,99893.5,340480.0,197945.9,1398272.0,1218488.0,7296.0,6932.9,896.0,749.6,47722,753.305,1394,32.455,785.760
6807877,138364,441,2356944,123904.0,128512.0,0.0,75253.6,441856.0,105673.6,1398272.0,551820.0,7296.0,6932.9,896.0,749.6,48124,758.357,1401,32.593,790.950
6868114,139632,441,2330532,108032.0,105472.0,72554.9,0.0,485376.0,0.0,1398272.0,1205180.2,7296.0,6933.7,896.0,749.6,48530,763.596,1407,32.708,796.304
6928363,140932,441,2330436,114688.0,112128.0,64330.9,0.0,472064.0,373756.2,1398272.0,1164225.7,7296.0,6934.0,896.0,749.6,48918,768.355,1413,32.823,801.178
6988610,142206,441,2330560,106496.0,108544.0,0.0,62997.6,481792.0,354937.7,1398272.0,216964.9,7296.0,6934.4,896.0,749.6,49323,773.409,1420,32.969,806.378
7048840,143496,441,2354892,118784.0,120832.0,0.0,57536.3,454144.0,288844.2,1398272.0,617491.0,7296.0,6936.9,896.0,749.6,49722,778.465,1426,33.108,811.572
7109071,144772,441,2359016,149504.0,155648.0,0.0,71221.5,387584.0,308018.7,1398272.0,549099.5,7296.0,6937.4,896.0,749.6,50108,783.448,1432,33.241,816.689
7169273,146052,441,2354880,134144.0,130560.0,79317.6,0.0,434176.0,101332.5,1398272.0,104887.8,7296.0,6937.4,896.0,749.6,50515,788.516,1439,33.402,821.918
7229605,146720,439,2334292,134144.0,512.0,0.0,0.0,433664.0,28.1,1398272.0,5153.5,7296.0,6937.5,896.0,749.6,50726,791.105,1445,33.504,824.608

[01:40:03] Executed 146720 hash/verify in 7200s.