--------------------------------------------------
Configuration
--------------------------------------------------
Backend:		automatic
Runtime:		7200 seconds
Collect stats:		every 60 seconds
Java threads:		4
Salt length:		8 bytes
Password length:	8 bytes
Secret length:		8 bytes
AD length:		8 bytes
Hash length:		8 bytes
Type:			Argon2id
Version:		v13
Memory cost:		131072 KB
Time cost:		2 passes
Parallelism:		2 lanes/threads
--------------------------------------------------
[11:37:54] Pid: 12716. Estimated completion before 01:38:54

T,C,%CPU,RSS,S0C,S1C,S0U,S1U,EC,EU,OC,OU,MC,MU,CCSC,CCSU,YGC,YGCT,FGC,FGCT,GCT
0,0,0.0,37904,2560.0,2560.0,0.0,0.0,16384.0,3279.5,44032.0,0.0,4480.0,774.6,384.0,75.9,0,0.000,0,0.000,0.000
60219,758,723,436612,2560.0,2560.0,0.0,0.0,16384.0,12885.2,44032.0,0.0,4480.0,774.6,384.0,75.9,0,0.000,0,0.000,0.000
120512,1502,729,523476,2560.0,2560.0,0.0,2207.1,16384.0,2994.2,44032.0,8.0,7296.0,6819.2,896.0,750.8,1,0.012,0,0.000,0.012
180863,2254,732,449764,2560.0,2560.0,0.0,2207.1,16384.0,8573.4,44032.0,8.0,7296.0,6819.2,896.0,750.8,1,0.012,0,0.000,0.012
241241,3010,730,482580,2560.0,2560.0,0.0,2207.1,16384.0,13979.0,44032.0,8.0,7296.0,6819.2,896.0,750.8,1,0.012,0,0.000,0.012
301590,3770,731,542176,2560.0,2560.0,2032.0,0.0,16384.0,3475.0,44032.0,16.0,7296.0,6830.9,896.0,751.3,2,0.026,0,0.000,0.026
361907,4524,732,565456,2560.0,2560.0,2032.0,0.0,16384.0,8847.3,44032.0,16.0,7296.0,6830.9,896.0,751.3,2,0.026,0,0.000,0.026
422215,5286,731,475376,2560.0,2560.0,2032.0,0.0,16384.0,14354.5,44032.0,16.0,7296.0,6830.9,896.0,751.3,2,0.026,0,0.000,0.026
482599,6050,731,517888,2560.0,2560.0,0.0,2080.0,16384.0,3589.6,44032.0,24.0,7296.0,6838.3,896.0,751.3,3,0.037,0,0.000,0.037
542989,6818,732,534300,2560.0,2560.0,0.0,2080.0,16384.0,9142.5,44032.0,24.0,7296.0,6838.3,896.0,751.3,3,0.037,0,0.000,0.037
603331,7588,731,483108,2560.0,2560.0,0.0,2080.0,16384.0,14684.7,44032.0,24.0,7296.0,6838.3,896.0,751.3,3,0.037,0,0.000,0.037
663689,8362,732,397056,2560.0,2560.0,2096.0,0.0,16384.0,3879.1,44032.0,32.0,7296.0,6840.5,896.0,751.3,4,0.049,0,0.000,0.049
724023,9136,732,364324,2560.0,2560.0,2096.0,0.0,16384.0,9287.0,44032.0,32.0,7296.0,6840.5,896.0,751.3,4,0.049,0,0.000,0.049
784384,9912,731,468732,2560.0,2560.0,2096.0,0.0,16384.0,14816.6,44032.0,32.0,7296.0,6840.5,896.0,751.3,4,0.049,0,0.000,0.049
844716,10682,732,448368,2560.0,2560.0,0.0,2080.0,16384.0,4182.2,44032.0,32.0,7296.0,6841.7,896.0,751.3,5,0.064,0,0.000,0.064
905032,11454,732,538324,2560.0,2560.0,0.0,2080.0,16384.0,9571.2,44032.0,32.0,7296.0,6841.7,896.0,751.3,5,0.064,0,0.000,0.064
965323,12232,731,434156,2560.0,2560.0,0.0,2080.0,16384.0,15063.1,44032.0,32.0,7296.0,6841.7,896.0,751.3,5,0.064,0,0.000,0.064
1025628,13008,732,372716,2560.0,2560.0,2112.0,0.0,16384.0,4336.3,44032.0,40.0,7296.0,6846.3,896.0,752.3,6,0.078,0,0.000,0.078
1085993,13778,732,516060,2560.0,2560.0,2112.0,0.0,16384.0,9637.6,44032.0,40.0,7296.0,6846.3,896.0,752.3,6,0.078,0,0.000,0.078
1146312,14550,732,436160,2560.0,2560.0,2112.0,0.0,16384.0,15042.6,44032.0,40.0,7296.0,6846.3,896.0,752.3,6,0.078,0,0.000,0.078
1206625,15324,732,475104,2560.0,2560.0,0.0,1056.0,16384.0,4124.1,44032.0,1108.1,7296.0,6857.5,896.0,752.3,7,0.094,0,0.000,0.094
1266942,16098,732,450520,2560.0,2560.0,0.0,1056.0,16384.0,9521.3,44032.0,1108.1,7296.0,6857.5,896.0,752.3,7,0.094,0,0.000,0.094
1327296,16868,732,339932,2560.0,2560.0,0.0,1056.0,16384.0,14733.4,44032.0,1108.1,7296.0,6857.5,896.0,752.3,7,0.094,0,0.000,0.094
1387599,17636,732,571520,2560.0,2560.0,1056.0,0.0,16384.0,4071.9,44032.0,1116.1,7296.0,6859.1,896.0,752.3,8,0.104,0,0.000,0.104
1447944,18402,732,528500,2560.0,2560.0,1056.0,0.0,16384.0,9319.7,44032.0,1116.1,7296.0,6859.1,896.0,752.3,8,0.104,0,0.000,0.104
1508309,19168,732,368756,2560.0,2560.0,1056.0,0.0,16384.0,14535.7,44032.0,1116.1,7296.0,6859.1,896.0,752.3,8,0.104,0,0.000,0.104
1568656,19914,732,524408,3072.0,1024.0,0.0,1024.0,16384.0,3315.6,44032.0,1132.1,7296.0,6866.1,896.0,752.3,9,0.118,0,0.000,0.118
1629018,20654,732,489648,3072.0,1024.0,0.0,1024.0,16384.0,8499.4,44032.0,1132.1,7296.0,6866.1,896.0,752.3,9,0.118,0,0.000,0.118
1689349,21388,732,460948,3072.0,1024.0,0.0,1024.0,16384.0,13586.5,44032.0,1132.1,7296.0,6866.1,896.0,752.3,9,0.118,0,0.000,0.118
1749758,22122,732,452788,3072.0,3072.0,1088.0,0.0,15360.0,2467.3,44032.0,1148.1,7296.0,6868.3,896.0,752.3,10,0.129,0,0.000,0.129
1810131,22862,732,506028,3072.0,3072.0,1088.0,0.0,15360.0,7485.3,44032.0,1148.1,7296.0,6868.3,896.0,752.3,10,0.129,0,0.000,0.129
1870450,23610,732,479432,3072.0,3072.0,1088.0,0.0,15360.0,12666.1,44032.0,1148.1,7296.0,6868.3,896.0,752.3,10,0.129,0,0.000,0.129
1930802,24352,732,442568,3072.0,3072.0,0.0,960.0,15360.0,2740.3,44032.0,1156.1,7296.0,6873.3,896.0,752.3,11,0.143,0,0.000,0.143
1991156,25092,732,532684,3072.0,3072.0,0.0,960.0,15360.0,7703.5,44032.0,1156.1,7296.0,6873.3,896.0,752.3,11,0.143,0,0.000,0.143
2051547,25830,732,424128,3072.0,3072.0,0.0,960.0,15360.0,12891.9,44032.0,1156.1,7296.0,6873.3,896.0,752.3,11,0.143,0,0.000,0.143
2111967,26570,732,473280,3072.0,3072.0,1024.0,0.0,15360.0,2721.2,44032.0,1172.1,7296.0,6877.2,896.0,752.3,12,0.153,0,0.000,0.153
2172330,27314,732,456896,3072.0,3072.0,1024.0,0.0,15360.0,7957.1,44032.0,1172.1,7296.0,6877.2,896.0,752.3,12,0.153,0,0.000,0.153
2232699,28036,732,436428,3072.0,3072.0,1024.0,0.0,15360.0,12894.5,44032.0,1172.1,7296.0,6877.2,896.0,752.3,12,0.153,0,0.000,0.153
2293109,28736,733,354508,3072.0,3072.0,0.0,960.0,15360.0,2412.3,44032.0,1180.1,7296.0,6877.2,896.0,752.3,13,0.164,0,0.000,0.164
2353399,29432,732,555204,3072.0,3072.0,0.0,960.0,15360.0,7329.5,44032.0,1180.1,7296.0,6877.2,896.0,752.3,13,0.164,0,0.000,0.164
2413826,30130,733,506040,3072.0,3072.0,0.0,960.0,15360.0,12298.0,44032.0,1180.1,7296.0,6877.2,896.0,752.3,13,0.164,0,0.000,0.164
2474193,30836,732,501960,3072.0,3072.0,1024.0,0.0,15360.0,1809.2,44032.0,1196.1,7296.0,6879.8,896.0,752.3,14,0.176,0,0.000,0.176
2534541,31572,733,387260,3072.0,3072.0,1024.0,0.0,15360.0,7002.6,44032.0,1196.1,7296.0,6879.8,896.0,752.3,14,0.176,0,0.000,0.176
2594893,32280,733,465084,3072.0,3072.0,1024.0,0.0,15360.0,11831.2,44032.0,1196.1,7296.0,6879.8,896.0,752.3,14,0.176,0,0.000,0.176
2655324,32976,733,561332,3072.0,3072.0,0.0,992.0,15360.0,1364.6,44032.0,1220.1,7296.0,6881.5,896.0,752.3,15,0.185,0,0.000,0.185
2715707,33666,733,450764,3072.0,3072.0,0.0,992.0,15360.0,6111.5,44032.0,1220.1,7296.0,6881.5,896.0,752.3,15,0.185,0,0.000,0.185
2776066,34356,733,342168,3072.0,3072.0,0.0,992.0,15360.0,11012.9,44032.0,1220.1,7296.0,6881.5,896.0,752.3,15,0.185,0,0.000,0.185
2836392,35058,733,549504,3072.0,2560.0,960.0,0.0,15872.0,642.8,44032.0,1228.1,7296.0,6881.9,896.0,752.3,16,0.198,0,0.000,0.198
2896726,35820,733,434812,3072.0,2560.0,960.0,0.0,15872.0,5695.4,44032.0,1228.1,7296.0,6881.9,896.0,752.3,16,0.198,0,0.000,0.198
2957095,36574,733,551560,3072.0,2560.0,960.0,0.0,15872.0,11060.5,44032.0,1228.1,7296.0,6881.9,896.0,752.3,16,0.198,0,0.000,0.198
3017440,37326,733,438924,2560.0,2560.0,0.0,992.0,15872.0,336.9,44032.0,1236.1,7296.0,6883.2,896.0,752.3,17,0.213,0,0.000,0.213
3077800,38074,733,502412,2560.0,2560.0,0.0,992.0,15872.0,5696.2,44032.0,1236.1,7296.0,6883.2,896.0,752.3,17,0.213,0,0.000,0.213
3138206,38816,733,430728,2560.0,2560.0,0.0,992.0,15872.0,10756.1,44032.0,1236.1,7296.0,6883.2,896.0,752.3,17,0.213,0,0.000,0.213
3198539,39560,733,426632,2560.0,2560.0,0.0,992.0,15872.0,15809.8,44032.0,1236.1,7296.0,6883.2,896.0,752.3,17,0.213,0,0.000,0.213
3258894,40304,733,506524,2560.0,2560.0,1056.0,0.0,15872.0,5314.1,44032.0,1252.1,7296.0,6886.1,896.0,752.3,18,0.221,0,0.000,0.221
3319308,41054,733,430736,2560.0,2560.0,1056.0,0.0,15872.0,10351.0,44032.0,1252.1,7296.0,6886.1,896.0,752.3,18,0.221,0,0.000,0.221
3379636,41808,733,451220,2560.0,2560.0,1056.0,0.0,15872.0,15692.8,44032.0,1252.1,7296.0,6886.1,896.0,752.3,18,0.221,0,0.000,0.221
3439972,42566,733,510600,2560.0,2560.0,0.0,1024.0,15872.0,5147.8,44032.0,1260.1,7296.0,6887.7,896.0,752.3,19,0.233,0,0.000,0.233
3500360,43322,733,459388,2560.0,2560.0,0.0,1024.0,15872.0,10268.1,44032.0,1260.1,7296.0,6887.7,896.0,752.3,19,0.233,0,0.000,0.233
3560690,44086,733,434344,2560.0,2560.0,0.0,1024.0,15872.0,15617.5,44032.0,1260.1,7296.0,6887.7,896.0,752.3,19,0.233,0,0.000,0.233
3621011,44850,733,559760,2560.0,2560.0,1024.0,0.0,15872.0,5078.2,44032.0,1284.1,7296.0,6892.1,896.0,752.3,20,0.243,0,0.000,0.243
3681340,45616,733,436896,2560.0,2560.0,1024.0,0.0,15872.0,10281.2,44032.0,1284.1,7296.0,6892.1,896.0,752.3,20,0.243,0,0.000,0.243
3741672,46376,733,481944,2560.0,2560.0,1024.0,0.0,15872.0,15697.4,44032.0,1284.1,7296.0,6892.1,896.0,752.3,20,0.243,0,0.000,0.243
3801977,47140,733,541312,2560.0,2560.0,0.0,1024.0,15872.0,5228.1,44032.0,1292.1,7296.0,6897.2,896.0,752.3,21,0.254,0,0.000,0.254
3862328,47904,733,442996,2560.0,2560.0,0.0,1024.0,15872.0,10481.2,44032.0,1292.1,7296.0,6897.2,896.0,752.3,21,0.254,0,0.000,0.254
3922661,48672,733,465520,2560.0,2560.0,0.0,1024.0,15872.0,15711.6,44032.0,1292.1,7296.0,6897.2,896.0,752.3,21,0.254,0,0.000,0.254
3983013,49440,733,506500,2560.0,2560.0,1056.0,0.0,15872.0,5236.5,44032.0,1308.1,7296.0,6909.1,896.0,752.3,22,0.263,0,0.000,0.263
4043333,50206,733,474212,2560.0,2560.0,1056.0,0.0,15872.0,10598.4,44032.0,1308.1,7296.0,6909.1,896.0,752.3,22,0.263,0,0.000,0.263
4103641,50968,733,488056,2560.0,2560.0,1056.0,0.0,15872.0,15813.5,44032.0,1308.1,7296.0,6909.1,896.0,752.3,22,0.263,0,0.000,0.263
4163981,51730,733,490116,2560.0,2560.0,0.0,1024.0,15872.0,5336.2,44032.0,1316.1,7296.0,6910.1,896.0,752.3,23,0.277,0,0.000,0.277
4224310,52498,733,510808,2560.0,2560.0,0.0,1024.0,15872.0,10693.9,44032.0,1316.1,7296.0,6910.1,896.0,752.3,23,0.277,0,0.000,0.277
4284648,53264,733,353104,2560.0,2048.0,1024.0,0.0,16896.0,356.1,44032.0,1324.1,7296.0,6910.5,896.0,752.3,24,0.288,0,0.000,0.288
4345038,54032,733,482140,2560.0,2048.0,1024.0,0.0,16896.0,5484.3,44032.0,1324.1,7296.0,6910.5,896.0,752.3,24,0.288,0,0.000,0.288
4405414,54800,733,512868,2560.0,2048.0,1024.0,0.0,16896.0,10781.9,44032.0,1324.1,7296.0,6910.5,896.0,752.3,24,0.288,0,0.000,0.288
4465689,55568,733,547668,2560.0,2048.0,1024.0,0.0,16896.0,16154.3,44032.0,1324.1,7296.0,6910.5,896.0,752.3,24,0.288,0,0.000,0.288
4526003,56336,733,559988,2048.0,2048.0,0.0,1120.0,16896.0,4901.8,44032.0,1340.1,7296.0,6911.6,896.0,752.3,25,0.298,0,0.000,0.298
4586399,57100,733,516940,2048.0,2048.0,0.0,1120.0,16896.0,9924.1,44032.0,1340.1,7296.0,6911.6,896.0,752.3,25,0.298,0,0.000,0.298
4646789,57864,733,539484,2048.0,2048.0,0.0,1120.0,16896.0,15278.1,44032.0,1340.1,7296.0,6911.6,896.0,752.3,25,0.298,0,0.000,0.298
4707138,58624,733,506708,2048.0,2048.0,1088.0,0.0,16896.0,3935.5,44032.0,1348.1,7296.0,6912.1,896.0,752.3,26,0.307,0,0.000,0.307
4767462,59392,733,437084,2048.0,2048.0,1088.0,0.0,16896.0,9301.1,44032.0,1348.1,7296.0,6912.1,896.0,752.3,26,0.307,0,0.000,0.307
4827758,60160,733,396116,2048.0,2048.0,1088.0,0.0,16896.0,14348.4,44032.0,1348.1,7296.0,6912.1,896.0,752.3,26,0.307,0,0.000,0.307
4888102,60922,733,510824,2048.0,2048.0,0.0,1088.0,16896.0,2955.1,44032.0,1356.1,7296.0,6912.7,896.0,752.3,27,0.319,0,0.000,0.319
4948442,61688,733,361308,2048.0,2048.0,0.0,1088.0,16896.0,8313.8,44032.0,1356.1,7296.0,6912.7,896.0,752.3,27,0.319,0,0.000,0.319
5008729,62450,733,445280,2048.0,2048.0,0.0,1088.0,16896.0,13679.0,44032.0,1356.1,7296.0,6912.7,896.0,752.3,27,0.319,0,0.000,0.319
5069041,63216,733,441144,2048.0,2048.0,1120.0,0.0,16896.0,1980.7,44032.0,1380.1,7296.0,6914.3,896.0,752.3,28,0.328,0,0.000,0.328
5129423,63984,733,441180,2048.0,2048.0,1120.0,0.0,16896.0,7396.1,44032.0,1380.1,7296.0,6914.3,896.0,752.3,28,0.328,0,0.000,0.328
5189789,64752,733,449380,2048.0,2048.0,1120.0,0.0,16896.0,12761.7,44032.0,1380.1,7296.0,6914.3,896.0,752.3,28,0.328,0,0.000,0.328
5250128,65520,733,531300,2048.0,2048.0,0.0,1120.0,16896.0,1331.3,44032.0,1396.1,7296.0,6914.3,896.0,752.3,29,0.338,0,0.000,0.338
5310474,66292,733,498508,2048.0,2048.0,0.0,1120.0,16896.0,6694.0,44032.0,1396.1,7296.0,6914.3,896.0,752.3,29,0.338,0,0.000,0.338
5370787,67070,733,455516,2048.0,2048.0,0.0,1120.0,16896.0,12062.9,44032.0,1396.1,7296.0,6914.3,896.0,752.3,29,0.338,0,0.000,0.338
5431129,67848,733,514924,2048.0,2048.0,1056.0,0.0,16896.0,681.3,44032.0,1404.1,7296.0,6914.3,896.0,752.3,30,0.350,0,0.000,0.350
5491427,68628,733,437100,2048.0,2048.0,1056.0,0.0,16896.0,6047.9,44032.0,1404.1,7296.0,6914.3,896.0,752.3,30,0.350,0,0.000,0.350
5551746,69406,733,422756,2048.0,2048.0,1056.0,0.0,16896.0,11421.1,44032.0,1404.1,7296.0,6914.3,896.0,752.3,30,0.350,0,0.000,0.350
5612034,70184,733,523108,2048.0,2048.0,1056.0,0.0,16896.0,16787.6,44032.0,1404.1,7296.0,6914.3,896.0,752.3,30,0.350,0,0.000,0.350
5672372,70960,733,455520,2048.0,2048.0,0.0,1136.0,16896.0,5427.5,44032.0,1412.1,7296.0,6914.3,896.0,752.3,31,0.364,0,0.000,0.364
5732711,71714,733,463716,2048.0,2048.0,0.0,1136.0,16896.0,10615.0,44032.0,1412.1,7296.0,6914.3,896.0,752.3,31,0.364,0,0.000,0.364
5793060,72462,733,439136,2048.0,2048.0,0.0,1136.0,16896.0,15957.6,44032.0,1412.1,7296.0,6914.3,896.0,752.3,31,0.364,0,0.000,0.364
5853432,73216,733,484184,2048.0,2048.0,1056.0,0.0,16896.0,4243.8,44032.0,1420.1,7296.0,6914.7,896.0,752.3,32,0.379,0,0.000,0.379
5913779,73968,733,420668,2048.0,2048.0,1056.0,0.0,16896.0,9588.1,44032.0,1420.1,7296.0,6914.7,896.0,752.3,32,0.379,0,0.000,0.379
5974085,74724,733,467800,2048.0,2048.0,1056.0,0.0,16896.0,14695.6,44032.0,1420.1,7296.0,6914.7,896.0,752.3,32,0.379,0,0.000,0.379
6034467,75484,733,432960,2048.0,2048.0,0.0,1088.0,16896.0,3277.2,44032.0,1428.1,7296.0,6917.1,896.0,752.3,33,0.391,0,0.000,0.391
6094834,76260,733,440420,2048.0,2048.0,0.0,1088.0,16896.0,8630.6,44032.0,1428.1,7296.0,6917.1,896.0,752.3,33,0.391,0,0.000,0.391
6155147,77020,733,443224,2048.0,2048.0,0.0,1088.0,16896.0,13990.7,44032.0,1428.1,7296.0,6917.1,896.0,752.3,33,0.391,0,0.000,0.391
6215519,77766,733,588744,2048.0,1536.0,1152.0,0.0,17920.0,2444.7,44032.0,1452.1,7296.0,6917.1,896.0,752.3,34,0.401,0,0.000,0.401
6275828,78516,733,461760,2048.0,1536.0,1152.0,0.0,17920.0,7434.9,44032.0,1452.1,7296.0,6917.1,896.0,752.3,34,0.401,0,0.000,0.401
6336150,79268,733,594656,2048.0,1536.0,1152.0,0.0,17920.0,12777.1,44032.0,1452.1,7296.0,6917.1,896.0,752.3,34,0.401,0,0.000,0.401
6396517,80026,733,431064,2048.0,1536.0,0.0,1152.0,17920.0,0.0,44032.0,1460.1,7296.0,6917.4,896.0,752.3,35,0.416,0,0.000,0.416
6456903,80786,733,474060,1536.0,1536.0,0.0,1152.0,17920.0,5336.7,44032.0,1460.1,7296.0,6917.4,896.0,752.3,35,0.416,0,0.000,0.416
6517260,81540,733,441296,1536.0,1536.0,0.0,1152.0,17920.0,10666.7,44032.0,1460.1,7296.0,6917.4,896.0,752.3,35,0.416,0,0.000,0.416
6577544,82296,733,428988,1536.0,1536.0,0.0,1152.0,17920.0,15997.0,44032.0,1460.1,7296.0,6917.4,896.0,752.3,35,0.416,0,0.000,0.416
6637850,83052,733,502728,1536.0,1536.0,1152.0,0.0,17920.0,3125.1,44032.0,1476.1,7296.0,6918.8,896.0,752.3,36,0.427,0,0.000,0.427
6698184,83808,733,459712,1536.0,1536.0,1152.0,0.0,17920.0,8445.6,44032.0,1476.1,7296.0,6918.8,896.0,752.3,36,0.427,0,0.000,0.427
6758504,84564,733,537544,1536.0,1536.0,1152.0,0.0,17920.0,13766.2,44032.0,1476.1,7296.0,6918.8,896.0,752.3,36,0.427,0,0.000,0.427
6818841,85318,733,443400,1536.0,1536.0,0.0,1152.0,17920.0,1066.0,44032.0,1484.1,7296.0,6919.5,896.0,752.3,37,0.441,0,0.000,0.441
6879211,86080,733,533508,1536.0,1536.0,0.0,1152.0,17920.0,6465.1,44032.0,1484.1,7296.0,6919.5,896.0,752.3,37,0.441,0,0.000,0.441
6939538,86858,733,545780,1536.0,1536.0,0.0,1152.0,17920.0,11811.1,44032.0,1484.1,7296.0,6919.5,896.0,752.3,37,0.441,0,0.000,0.441
6999853,87636,733,543728,1536.0,1536.0,0.0,1152.0,17920.0,17150.5,44032.0,1484.1,7296.0,6919.5,896.0,752.3,37,0.441,0,0.000,0.441
7060226,88412,733,377852,1536.0,1536.0,1120.0,0.0,17920.0,4839.5,44032.0,1492.1,7296.0,6923.0,896.0,752.3,38,0.454,0,0.000,0.454
7120476,89190,733,474092,1536.0,1536.0,1120.0,0.0,17920.0,10154.5,44032.0,1492.1,7296.0,6923.0,896.0,752.3,38,0.454,0,0.000,0.454
7180841,89966,733,500724,1536.0,1536.0,1120.0,0.0,17920.0,15469.3,44032.0,1492.1,7296.0,6923.0,896.0,752.3,38,0.454,0,0.000,0.454
7241261,90218,729,84560,2048.0,2048.0,0.0,0.0,17408.0,31.0,44032.0,1047.9,7296.0,6913.2,896.0,749.1,41,0.462,3,0.039,0.501

[01:38:35] Executed 90218 hash/verify in 7200s.