--------------------------------------------------
Configuration
--------------------------------------------------
Backend:		com.kosprov.jargon2.examples.MultiThreadedHashVerifyLoop$DummyBackend
Runtime:		7200 seconds
Collect stats:		every 60 seconds
Java threads:		4
Salt length:		8 bytes
Password length:	8 bytes
Secret length:		8 bytes
AD length:		8 bytes
Hash length:		8 bytes
Type:			Argon2id
Version:		v13
Memory cost:		16 KB
Time cost:		2 passes
Parallelism:		2 lanes/threads
--------------------------------------------------
[02:18:29] Pid: 3762. Estimated completion before 04:19:29

T,C,%CPU,RSS,S0C,S1C,S0U,S1U,EC,EU,OC,OU,MC,MU,CCSC,CCSU,YGC,YGCT,FGC,FGCT,GCT
0,0,0.0,35140,512.0,512.0,0.0,0.0,4096.0,3029.8,11264.0,0.0,4480.0,774.6,384.0,75.9,0,0.000,0,0.000,0.000
60230,497987574,416,48584,512.0,512.0,96.0,0.0,4096.0,0.0,11264.0,3488.0,6144.0,5837.9,768.0,662.4,21422,28.127,0,0.000,28.127
120428,1001430960,412,50860,512.0,512.0,32.0,0.0,4096.0,0.0,11264.0,5656.1,6144.0,5842.7,768.0,662.4,43069,56.393,0,0.000,56.393
180631,1506765880,412,55276,512.0,512.0,0.0,128.0,4096.0,0.0,11264.0,7728.2,6144.0,5843.4,768.0,662.4,64803,84.560,0,0.000,84.560
240812,2013352984,412,57540,512.0,512.0,192.0,0.0,4096.0,0.0,11264.0,9416.4,6144.0,5844.5,768.0,662.4,86583,112.711,0,0.000,112.711
301014,2513954188,411,58128,512.0,512.0,0.0,96.0,4096.0,0.0,11264.0,1954.3,6144.0,5841.0,768.0,659.8,108110,140.797,1,0.007,140.804
361215,2999422208,412,59616,512.0,512.0,0.0,64.0,4096.0,0.0,11264.0,3714.4,6144.0,5841.3,768.0,659.8,128986,169.030,1,0.007,169.037
421405,3489538752,412,59616,512.0,512.0,32.0,0.0,4096.0,0.0,11264.0,5754.4,6144.0,5841.3,768.0,659.8,150061,197.112,1,0.007,197.119
481585,3977792854,411,59852,512.0,512.0,96.0,64.0,4096.0,0.0,11264.0,7762.6,6144.0,5841.6,768.0,659.8,171053,225.165,1,0.007,225.172
541809,4469641010,411,61700,512.0,512.0,32.0,0.0,4096.0,0.0,11264.0,10018.7,6144.0,5841.6,768.0,659.8,192201,253.139,1,0.007,253.147
602005,4966736770,411,61700,512.0,512.0,0.0,32.0,4096.0,0.0,11264.0,2116.2,6144.0,5843.5,768.0,659.8,213578,281.187,2,0.016,281.209
662192,5465762282,411,63200,512.0,512.0,0.0,32.0,4096.0,0.0,11264.0,4404.3,6144.0,5844.4,768.0,659.8,235035,309.540,2,0.016,309.556
722390,5958590628,411,63464,512.0,512.0,32.0,0.0,4096.0,0.0,11264.0,6660.4,6144.0,5848.8,768.0,659.8,256226,337.849,2,0.016,337.865
782607,6421560818,410,63576,512.0,512.0,0.0,96.0,4096.0,0.0,11264.0,8820.5,6144.0,5848.8,768.0,659.8,276137,366.208,2,0.016,366.224
842813,6886847610,409,63580,512.0,512.0,96.0,0.0,4096.0,0.0,11264.0,10868.6,6144.0,5848.8,768.0,659.8,296143,394.457,2,0.016,394.473
903012,7332173398,409,63616,512.0,512.0,128.0,0.0,4096.0,0.0,11264.0,2202.2,6144.0,5849.4,768.0,659.8,315291,422.074,3,0.027,422.101
963207,7780562414,409,63616,512.0,512.0,160.0,0.0,4096.0,0.0,11264.0,3738.3,6144.0,5864.4,768.0,659.8,334569,449.541,3,0.027,449.568
1023413,8225585704,409,63616,512.0,512.0,0.0,64.0,4096.0,0.0,11264.0,5642.4,6144.0,5864.9,768.0,659.8,353707,477.099,3,0.027,477.126
1083625,8645706184,408,63616,512.0,512.0,0.0,96.0,4096.0,0.0,11264.0,6986.6,6144.0,5866.5,768.0,659.8,371771,504.686,3,0.027,504.713
1143831,9073967946,408,63616,512.0,512.0,96.0,0.0,4096.0,0.0,11264.0,8386.7,6144.0,5876.5,768.0,659.8,390187,532.329,3,0.027,532.357
1204032,9508579410,407,63616,512.0,512.0,0.0,64.0,4096.0,0.0,11264.0,9882.8,6144.0,5876.5,768.0,659.8,408873,559.849,3,0.027,559.876
1264255,9948606344,407,63616,512.0,512.0,0.0,96.0,4096.0,0.0,11264.0,1135.0,6144.0,5878.4,768.0,659.8,427796,587.299,4,0.035,587.334
1324465,10394224386,407,63624,512.0,512.0,0.0,128.0,4096.0,0.0,11264.0,2519.2,6144.0,5878.4,768.0,659.8,446958,614.808,4,0.035,614.843
1384661,10829805392,407,63700,512.0,512.0,0.0,64.0,4096.0,0.0,11264.0,3887.3,6144.0,5878.7,768.0,659.8,465685,642.339,4,0.035,642.375
1444876,11258809328,407,63700,512.0,512.0,64.0,0.0,4096.0,0.0,11264.0,5927.4,6144.0,5884.9,768.0,659.8,484135,669.753,4,0.035,669.789
1505071,11702190034,407,63700,512.0,512.0,0.0,96.0,4096.0,0.0,11264.0,7455.5,6144.0,5885.3,768.0,659.8,503198,697.275,4,0.035,697.313
1565279,12150358736,407,63700,512.0,512.0,0.0,160.0,4096.0,0.0,11264.0,8903.6,6144.0,5885.9,768.0,659.8,522469,724.808,4,0.035,724.844
1625477,12603226754,407,63920,512.0,512.0,0.0,128.0,4096.0,0.0,11264.0,10463.8,6144.0,5888.1,768.0,659.8,541942,752.304,4,0.035,752.339
1685718,13054203566,407,63920,512.0,512.0,128.0,0.0,4096.0,0.0,11264.0,1926.8,6144.0,5888.1,768.0,659.8,561335,779.760,5,0.041,779.802
1745908,13498218146,407,63920,512.0,512.0,0.0,128.0,4096.0,0.0,11264.0,3366.8,6144.0,5889.0,768.0,659.8,580428,807.346,5,0.041,807.387
1806156,13940692772,407,63920,512.0,512.0,0.0,96.0,4096.0,0.0,11264.0,4886.9,6144.0,5889.0,768.0,659.8,599450,834.856,5,0.041,834.897
1866358,14400760746,408,63972,512.0,512.0,0.0,96.0,4096.0,0.0,11264.0,6495.1,6144.0,5890.7,768.0,659.8,619238,862.411,5,0.041,862.452
1926562,14859023514,408,63972,512.0,512.0,0.0,128.0,4096.0,0.0,11264.0,7895.2,6144.0,5893.6,768.0,659.8,638940,889.829,5,0.041,889.870
1986764,15314919066,408,63976,512.0,512.0,0.0,96.0,4096.0,0.0,11264.0,9679.3,6144.0,5893.6,768.0,659.8,658543,917.269,5,0.041,917.310
2046984,15766161392,408,63976,512.0,512.0,0.0,96.0,4096.0,0.0,11264.0,1127.3,6144.0,5897.1,768.0,659.8,677946,944.680,6,0.054,944.735
2107180,16202468032,408,63976,512.0,512.0,0.0,0.0,4096.0,0.0,11264.0,3191.4,6144.0,5897.1,768.0,659.8,696705,972.164,6,0.054,972.218
2167387,16657299872,408,63976,512.0,512.0,96.0,128.0,4096.0,4096.0,11264.0,4711.5,6144.0,5897.1,768.0,659.8,716264,999.735,6,0.054,999.789
2227600,17116303524,408,63984,512.0,512.0,0.0,96.0,4096.0,0.0,11264.0,6543.6,6144.0,5897.1,768.0,659.8,736002,1027.229,6,0.054,1027.283
2287785,17575291962,408,63984,512.0,512.0,0.0,128.0,4096.0,0.0,11264.0,8343.8,6144.0,5897.1,768.0,659.8,755738,1054.739,6,0.054,1054.794
2347973,18040743148,408,63984,512.0,512.0,64.0,0.0,4096.0,0.0,11264.0,9999.9,6144.0,5897.1,768.0,659.8,775753,1082.180,6,0.054,1082.234
2408172,18498866584,408,63984,512.0,512.0,64.0,0.0,4096.0,0.0,11264.0,1454.8,6144.0,5898.3,768.0,659.8,795451,1109.613,7,0.060,1109.672
2468369,18962782610,409,64032,512.0,512.0,0.0,64.0,4096.0,0.0,11264.0,3334.9,6144.0,5899.0,768.0,659.8,815400,1137.072,7,0.060,1137.131
2528570,19424067810,408,64748,512.0,512.0,0.0,32.0,4096.0,0.0,11264.0,5239.0,6144.0,5899.4,768.0,659.8,835233,1164.539,7,0.060,1164.599
2588772,19886889718,409,64748,512.0,512.0,64.0,0.0,4096.0,0.0,11264.0,6775.2,6144.0,5900.4,768.0,659.8,855133,1192.010,7,0.060,1192.070
2648989,20351054172,409,64748,512.0,512.0,0.0,96.0,4096.0,0.0,11264.0,8391.3,6144.0,5900.4,768.0,659.8,875093,1219.491,7,0.060,1219.551
2709203,20816110542,409,64748,512.0,512.0,96.0,0.0,4096.0,0.0,11264.0,9895.4,6144.0,5900.8,768.0,659.8,895091,1246.831,7,0.060,1246.892
2769404,21275766662,409,64748,512.0,512.0,0.0,0.0,4096.0,0.0,11264.0,1311.8,6144.0,5905.3,768.0,659.8,914859,1274.302,8,0.066,1274.368
2829608,21737632622,409,64748,512.0,512.0,128.0,0.0,4096.0,0.0,11264.0,2943.9,6144.0,5905.3,768.0,659.8,934719,1301.853,8,0.066,1301.922
2889802,22199520132,409,64748,512.0,512.0,96.0,64.0,4096.0,4096.0,11264.0,4568.0,6144.0,5905.3,768.0,659.8,954579,1329.441,8,0.066,1329.510
2949994,22666621500,409,67276,512.0,512.0,160.0,0.0,4096.0,0.0,11264.0,6400.2,6144.0,5907.8,768.0,659.8,974667,1357.002,8,0.066,1357.068
3010182,23130788636,410,67280,512.0,512.0,128.0,0.0,4096.0,0.0,11264.0,8064.2,6144.0,5908.6,768.0,659.8,994620,1384.497,8,0.066,1384.563
3070388,23596609126,410,67280,512.0,512.0,0.0,128.0,4096.0,0.0,11264.0,9744.3,6144.0,5908.6,768.0,659.8,1014648,1411.802,8,0.066,1411.868
3130596,24056975688,410,67280,512.0,512.0,64.0,0.0,4096.0,0.0,11264.0,1503.6,6144.0,5908.6,768.0,659.8,1034447,1439.195,9,0.073,1439.268
3190809,24521294698,410,67280,512.0,512.0,0.0,32.0,4096.0,0.0,11264.0,3047.7,6144.0,5909.7,768.0,659.8,1054412,1466.767,9,0.073,1466.840
3250996,24984393780,410,67280,512.0,512.0,0.0,128.0,4096.0,0.0,11264.0,4703.8,6144.0,5909.7,768.0,659.8,1074326,1494.344,9,0.073,1494.417
3311192,25450867858,410,67300,512.0,512.0,0.0,96.0,4096.0,0.0,11264.0,5903.8,6400.0,5910.2,768.0,659.8,1094383,1521.863,9,0.073,1521.935
3371383,25918013448,410,67300,512.0,512.0,0.0,128.0,4096.0,0.0,11264.0,7640.0,6400.0,5910.9,768.0,659.8,1114470,1549.362,9,0.073,1549.435
3431578,26385387454,410,67300,512.0,512.0,0.0,128.0,4096.0,0.0,11264.0,9360.1,6400.0,5910.9,768.0,659.8,1134566,1576.776,9,0.073,1576.849
3491808,26847890746,410,67300,512.0,512.0,0.0,128.0,4096.0,0.0,11264.0,11112.2,6400.0,5910.9,768.0,659.8,1154454,1604.165,9,0.073,1604.238
3552005,27314175042,410,67300,512.0,512.0,0.0,64.0,4096.0,0.0,11264.0,2848.9,6400.0,5911.6,768.0,659.8,1174504,1631.645,10,0.079,1631.724
3612210,27775554798,410,67300,512.0,512.0,64.0,0.0,4096.0,0.0,11264.0,4305.0,6400.0,5914.5,768.0,659.8,1194344,1659.123,10,0.079,1659.202
3672399,28235768534,410,67348,512.0,512.0,0.0,128.0,4096.0,0.0,11264.0,6305.1,6400.0,5914.8,768.0,659.8,1214132,1686.576,10,0.079,1686.654
3732610,28700334572,410,67348,512.0,512.0,128.0,0.0,4096.0,0.0,11264.0,8017.2,6400.0,5922.8,768.0,659.8,1234111,1713.996,10,0.079,1714.075
3792800,29166550832,411,67348,512.0,512.0,0.0,96.0,4096.0,0.0,11264.0,9593.4,6400.0,5924.4,768.0,659.8,1254155,1741.372,10,0.079,1741.450
3852992,29633648376,411,67424,512.0,512.0,96.0,0.0,4096.0,0.0,11264.0,1119.7,6400.0,5934.2,768.0,659.8,1274239,1768.730,11,0.085,1768.815
3913188,30091630734,411,67444,512.0,512.0,0.0,64.0,4096.0,0.0,11264.0,2623.9,6400.0,5935.6,768.0,659.8,1293934,1796.249,11,0.085,1796.334
3973406,30544823322,411,67444,512.0,512.0,96.0,0.0,4096.0,0.0,11264.0,4384.0,6400.0,5935.6,768.0,659.8,1313421,1823.658,11,0.085,1823.743
4033605,30998059918,411,67444,512.0,512.0,0.0,96.0,4096.0,0.0,11264.0,5992.1,6400.0,5935.6,768.0,659.8,1332910,1851.010,11,0.085,1851.096
4093819,31434358974,410,67444,512.0,512.0,96.0,0.0,4096.0,0.0,11264.0,7528.2,6400.0,5935.6,768.0,659.8,1351671,1878.547,11,0.085,1878.632
4154017,31864375928,410,67444,512.0,512.0,0.0,96.0,4096.0,0.0,11264.0,8936.3,6400.0,5935.6,768.0,659.8,1370162,1906.164,11,0.085,1906.249
4214240,32293528120,410,67444,512.0,512.0,64.0,0.0,4096.0,0.0,11264.0,10144.4,6400.0,5935.6,768.0,659.8,1388615,1933.660,11,0.085,1933.745
4274455,32730861986,410,67444,512.0,512.0,32.0,0.0,4096.0,0.0,11264.0,1448.8,6400.0,5936.1,768.0,659.8,1407419,1961.065,12,0.092,1961.157
4334679,33182157502,410,67444,512.0,512.0,96.0,0.0,4096.0,0.0,11264.0,2880.9,6400.0,5936.1,768.0,659.8,1426825,1988.575,12,0.092,1988.667
4394887,33621907350,410,67444,512.0,512.0,96.0,0.0,4096.0,0.0,11264.0,4361.0,6400.0,5936.4,768.0,659.8,1445735,2016.068,12,0.092,2016.160
4455086,34066250048,410,67444,512.0,512.0,0.0,96.0,4096.0,0.0,11264.0,5865.1,6400.0,5936.8,768.0,659.8,1464840,2043.526,12,0.092,2043.617
4515311,34495081578,410,67444,512.0,512.0,96.0,0.0,4096.0,0.0,11264.0,7697.2,6400.0,5937.2,768.0,659.8,1483283,2071.047,12,0.092,2071.139
4575522,34921955514,410,67444,512.0,512.0,96.0,0.0,4096.0,0.0,11264.0,9025.3,6400.0,5937.2,768.0,659.8,1501635,2098.630,12,0.092,2098.722
4635736,35347256562,410,67444,512.0,512.0,0.0,64.0,4096.0,0.0,11264.0,10297.4,6400.0,5937.2,768.0,659.8,1519924,2126.240,12,0.092,2126.332
4695951,35765005244,410,67444,512.0,512.0,0.0,96.0,4096.0,0.0,11264.0,1416.7,6400.0,5937.2,768.0,659.8,1537888,2153.992,13,0.098,2154.090
4756188,36165051466,409,67444,512.0,512.0,0.0,96.0,4096.0,0.0,11264.0,2696.7,6400.0,5937.2,768.0,659.8,1555088,2181.654,13,0.098,2181.752
4816400,36582310714,409,67444,512.0,512.0,0.0,96.0,4096.0,0.0,11264.0,4280.8,6400.0,5938.2,768.0,659.8,1573030,2209.292,13,0.098,2209.390
4876609,37014323962,409,67444,512.0,512.0,0.0,64.0,4096.0,0.0,11264.0,5745.0,6400.0,5938.6,768.0,659.8,1591606,2236.888,13,0.098,2236.988
4936826,37456645978,409,67520,512.0,512.0,0.0,64.0,4096.0,0.0,11264.0,7321.1,6400.0,5938.9,768.0,659.8,1610624,2264.374,13,0.098,2264.472
4997032,37895392640,409,67520,512.0,512.0,96.0,0.0,4096.0,0.0,11264.0,8825.2,6400.0,5938.9,768.0,659.8,1629491,2291.808,13,0.098,2291.906
5057237,38342874348,409,67520,512.0,512.0,96.0,0.0,4096.0,0.0,11264.0,10489.3,6400.0,5942.7,768.0,659.8,1648732,2319.203,13,0.098,2319.300
5117442,38787066964,409,67520,512.0,512.0,0.0,64.0,4096.0,0.0,11264.0,1920.6,6400.0,5942.7,768.0,659.8,1667834,2346.673,14,0.103,2346.776
5177642,39240143774,409,67520,512.0,512.0,0.0,128.0,4096.0,0.0,11264.0,3472.8,6400.0,5942.7,768.0,659.8,1687316,2374.073,14,0.103,2374.177
5237846,39694263630,409,67520,512.0,512.0,0.0,96.0,4096.0,0.0,11264.0,5264.8,6400.0,5943.2,768.0,659.8,1706842,2401.602,14,0.103,2401.705
5298048,40151559654,409,67520,512.0,512.0,96.0,0.0,4096.0,0.0,11264.0,7056.9,6400.0,5943.8,768.0,659.8,1726504,2429.041,14,0.103,2429.144
5358246,40608788998,409,67520,512.0,512.0,96.0,0.0,4096.0,0.0,11264.0,8617.0,6400.0,5943.8,768.0,659.8,1746169,2456.487,14,0.103,2456.591
5418437,41069669490,409,67520,512.0,512.0,64.0,0.0,4096.0,0.0,11264.0,10449.2,6400.0,5943.8,768.0,659.8,1765983,2483.780,14,0.103,2483.883
5478637,41519289256,409,67520,512.0,512.0,0.0,96.0,4096.0,0.0,11264.0,1959.8,6400.0,5943.8,768.0,659.8,1785316,2511.176,15,0.109,2511.290
5538828,41977856316,409,67520,512.0,512.0,64.0,0.0,4096.0,0.0,11264.0,3655.9,6400.0,5943.8,768.0,659.8,1805034,2538.596,15,0.109,2538.705
5599032,42435839286,409,67520,512.0,512.0,0.0,96.0,4096.0,0.0,11264.0,5216.0,6400.0,5944.9,768.0,659.8,1824726,2566.106,15,0.109,2566.215
5659252,42896981898,409,67520,512.0,512.0,0.0,64.0,4096.0,0.0,11264.0,6816.1,6400.0,5944.9,768.0,659.8,1844558,2593.453,15,0.109,2593.562
5719440,43361381526,409,67520,512.0,512.0,0.0,128.0,4096.0,0.0,11264.0,8768.2,6400.0,5944.9,768.0,659.8,1864528,2620.854,15,0.109,2620.963
5779628,43823179386,409,67520,512.0,512.0,0.0,96.0,4096.0,0.0,11264.0,10592.3,6400.0,5945.8,768.0,659.8,1884381,2648.209,15,0.109,2648.318
5839817,44281256884,409,67520,512.0,512.0,0.0,96.0,4096.0,0.0,11264.0,1944.0,6400.0,5945.8,768.0,659.8,1904080,2675.709,16,0.116,2675.824
5900016,44746775224,409,67520,512.0,512.0,96.0,0.0,4096.0,0.0,11264.0,3448.1,6400.0,5947.6,768.0,659.8,1924097,2703.111,16,0.116,2703.227
5960214,45218432490,409,67520,512.0,512.0,96.0,0.0,4096.0,0.0,11264.0,5448.2,6400.0,5947.6,768.0,659.8,1944377,2730.532,16,0.116,2730.648
6020411,45692442916,409,67520,512.0,512.0,32.0,0.0,4096.0,0.0,11264.0,6896.3,6400.0,5947.6,768.0,659.8,1964761,2757.973,16,0.116,2758.088
6080608,46159468224,409,67520,512.0,512.0,0.0,64.0,4096.0,0.0,11264.0,8696.4,6400.0,5947.6,768.0,659.8,1984842,2785.318,16,0.116,2785.434
6140801,46630079754,410,67520,512.0,512.0,0.0,128.0,4096.0,0.0,11264.0,10328.5,6400.0,5947.6,768.0,659.8,2005078,2812.746,16,0.116,2812.862
6201005,47096187174,410,67520,512.0,512.0,128.0,0.0,4096.0,0.0,11264.0,1967.9,6400.0,5947.6,768.0,659.8,2025121,2840.216,17,0.121,2840.337
6261207,47564020334,410,67520,512.0,512.0,96.0,0.0,4096.0,0.0,11264.0,3752.0,6400.0,5947.9,768.0,659.8,2045237,2867.697,17,0.121,2867.819
6321392,48035723596,410,67520,512.0,512.0,96.0,0.0,4096.0,0.0,11264.0,5440.1,6400.0,5947.9,768.0,659.8,2065521,2895.121,17,0.121,2895.242
6381587,48504008148,410,67532,512.0,512.0,96.0,0.0,4096.0,0.0,11264.0,7168.2,6400.0,5947.9,768.0,659.8,2085657,2922.572,17,0.121,2922.694
6441809,48970550030,410,67532,512.0,512.0,0.0,160.0,4096.0,0.0,11264.0,8856.3,6400.0,5949.1,768.0,659.8,2105718,2949.965,17,0.121,2950.086
6502004,49436065200,410,67532,512.0,512.0,0.0,0.0,4096.0,0.0,11264.0,10448.3,6400.0,5949.1,768.0,659.8,2125734,2977.232,17,0.121,2977.354
6562190,49902068982,410,67584,512.0,512.0,0.0,128.0,4096.0,0.0,11264.0,1631.1,6400.0,5949.1,768.0,659.8,2145772,3004.633,18,0.129,3004.762
6622377,50367399300,410,67584,512.0,512.0,128.0,0.0,4096.0,0.0,11264.0,3511.2,6400.0,5949.1,768.0,659.8,2165781,3032.106,18,0.129,3032.237
6682571,50833592896,410,67584,512.0,512.0,96.0,0.0,4096.0,0.0,11264.0,5311.3,6400.0,5949.1,768.0,659.8,2185827,3059.606,18,0.129,3059.735
6742762,51301414052,410,67584,512.0,512.0,0.0,96.0,4096.0,0.0,11264.0,6871.4,6400.0,5949.7,768.0,659.8,2205942,3086.977,18,0.129,3087.106
6802947,51769514038,410,67584,512.0,512.0,0.0,64.0,4096.0,0.0,11264.0,8663.6,6400.0,5950.0,768.0,659.8,2226070,3114.419,18,0.129,3114.548
6863146,52240201856,410,67584,512.0,512.0,64.0,0.0,4096.0,0.0,11264.0,10719.7,6400.0,5950.9,768.0,659.8,2246309,3141.796,18,0.129,3141.925
6923333,52711383956,410,67584,512.0,512.0,96.0,0.0,4096.0,0.0,11264.0,2472.1,6400.0,5951.5,768.0,659.8,2266571,3169.385,19,0.136,3169.521
6983533,53183577620,410,67584,512.0,512.0,0.0,96.0,4096.0,0.0,11264.0,4192.2,6400.0,5951.8,768.0,659.8,2286874,3196.852,19,0.136,3196.988
7043739,53654306278,410,67584,512.0,512.0,0.0,128.0,4096.0,0.0,11264.0,6008.3,6400.0,5952.8,768.0,659.8,2307116,3224.371,19,0.136,3224.508
7103928,54119218732,410,67588,512.0,512.0,0.0,64.0,4096.0,0.0,11264.0,7880.4,6400.0,5952.8,768.0,659.8,2327106,3251.737,19,0.136,3251.873
7164123,54580641820,410,67588,512.0,512.0,64.0,96.0,4096.0,4096.0,11264.0,9592.6,6400.0,5952.8,768.0,659.8,2346949,3279.118,19,0.136,3279.254
7224377,54853411380,409,67304,512.0,512.0,0.0,0.0,4096.0,28.1,11264.0,941.2,6400.0,5952.9,768.0,659.8,2358686,3295.459,22,0.161,3295.620

[04:18:53] Executed 54853411380 hash/verify in 7200s.