--------------------------------------------------
Configuration
--------------------------------------------------
Backend:		automatic
Runtime:		7200 seconds
Collect stats:		every 60 seconds
Java threads:		4
Salt length:		8 bytes
Password length:	8 bytes
Secret length:		8 bytes
AD length:		8 bytes
Hash length:		8 bytes
Type:			Argon2id
Version:		v13
Memory cost:		16 KB
Time cost:		2 passes
Parallelism:		2 lanes/threads
--------------------------------------------------
[02:16:35] Pid: 23550. Estimated completion before 04:17:35

T,C,%CPU,RSS,S0C,S1C,S0U,S1U,EC,EU,OC,OU,MC,MU,CCSC,CCSU,YGC,YGCT,FGC,FGCT,GCT
0,0,27.0,37164,2560.0,2560.0,0.0,0.0,16384.0,3278.7,44032.0,0.0,4480.0,774.6,384.0,75.9,0,0.000,0,0.000,0.000
60225,290316,369,91780,1536.0,1536.0,1184.0,0.0,18432.0,4380.2,44032.0,3596.1,7296.0,6849.2,896.0,754.0,112,0.585,0,0.000,0.585
120418,595824,376,96044,1536.0,1536.0,1344.0,0.0,18432.0,1370.7,44032.0,6188.1,7296.0,6852.7,896.0,754.0,224,1.179,0,0.000,1.179
180613,892590,376,98364,1536.0,1536.0,1280.0,0.0,18432.0,12386.4,44032.0,8804.1,7296.0,6853.1,896.0,754.0,332,1.752,0,0.000,1.752
240804,1200564,376,100664,1536.0,1536.0,0.0,1312.0,18432.0,6165.7,44032.0,11564.1,7296.0,6854.5,896.0,754.0,445,2.333,0,0.000,2.333
300982,1518734,379,102764,1536.0,1536.0,0.0,1248.0,18432.0,12302.0,44032.0,14332.1,7296.0,6854.5,896.0,754.0,561,2.936,0,0.000,2.936
361164,1836344,381,106904,1536.0,1536.0,0.0,1216.0,18432.0,16787.8,44032.0,17148.1,7296.0,6858.0,896.0,754.0,677,3.544,0,0.000,3.544
421347,2149682,382,109000,1536.0,1536.0,1312.0,0.0,18432.0,10010.4,44032.0,19676.1,7296.0,6858.0,896.0,754.0,792,4.167,0,0.000,4.167
481531,2461414,382,111104,1536.0,1536.0,1312.0,0.0,18432.0,10381.6,44032.0,22332.1,7296.0,6858.0,896.0,754.0,906,4.772,0,0.000,4.772
541719,2776896,383,115296,1536.0,1536.0,0.0,1216.0,18432.0,17531.2,44032.0,25084.1,7296.0,6858.0,896.0,754.0,1021,5.379,0,0.000,5.379
601907,3095512,383,117384,1536.0,1536.0,1312.0,0.0,18432.0,9298.5,44032.0,27788.1,7296.0,6859.6,896.0,754.0,1138,5.995,0,0.000,5.995
662096,3414284,384,119508,1536.0,1536.0,0.0,1312.0,18432.0,2016.6,44032.0,30564.1,7296.0,6860.3,896.0,754.0,1255,6.601,0,0.000,6.601
722289,3728074,384,123676,1536.0,1536.0,0.0,1248.0,18432.0,16521.2,44032.0,33164.1,7296.0,6861.1,896.0,754.0,1369,7.198,0,0.000,7.198
782484,4037502,384,125788,1536.0,1536.0,0.0,1280.0,18432.0,734.1,44032.0,35628.1,7296.0,6861.1,896.0,754.0,1483,7.815,0,0.000,7.815
842660,4342820,384,127900,1536.0,1536.0,1312.0,0.0,18432.0,13848.4,44032.0,38172.1,7296.0,6861.1,896.0,754.0,1594,8.397,0,0.000,8.397
902845,4607902,381,130032,1536.0,1536.0,0.0,1280.0,18432.0,13242.1,44032.0,40332.1,7296.0,6861.1,896.0,754.0,1691,8.930,0,0.000,8.930
963032,4868002,379,132164,1536.0,1536.0,1248.0,0.0,18432.0,15996.5,44032.0,42428.1,7296.0,6861.1,896.0,754.0,1786,9.446,0,0.000,9.446
1023222,5137182,378,134776,1536.0,1536.0,0.0,1280.0,18432.0,5796.0,44032.0,6793.4,7296.0,6844.0,896.0,749.6,1885,9.974,1,0.040,10.014
1083406,5406010,377,133632,1536.0,1536.0,0.0,1280.0,18432.0,11844.3,44032.0,8937.4,7296.0,6844.3,896.0,749.6,1983,10.493,1,0.040,10.533
1143603,5682558,376,133660,1536.0,1536.0,1184.0,0.0,18432.0,15521.7,44032.0,11489.4,7296.0,6856.0,896.0,749.6,2084,11.008,1,0.040,11.048
1203800,5983588,376,133768,1536.0,1536.0,0.0,1312.0,18432.0,457.4,44032.0,14025.4,7296.0,6859.8,896.0,749.6,2195,11.596,1,0.040,11.636
1263983,6253198,375,135832,1536.0,1536.0,0.0,1312.0,18432.0,10548.6,44032.0,16369.4,7296.0,6860.3,896.0,749.6,2293,12.125,1,0.040,12.165
1324171,6531720,374,133776,1536.0,1536.0,0.0,1248.0,18432.0,9558.1,44032.0,18873.4,7296.0,6860.3,896.0,749.6,2395,12.686,1,0.040,12.725
1384355,6823322,375,133784,1536.0,1536.0,1376.0,0.0,18432.0,3569.6,44032.0,21377.4,7296.0,6861.4,896.0,749.6,2502,13.258,1,0.040,13.298
1444547,7115892,375,133752,1536.0,1536.0,0.0,1312.0,18432.0,2658.9,44032.0,23753.4,7296.0,6868.0,896.0,749.6,2609,13.838,1,0.040,13.878
1504732,7409044,375,133812,1536.0,1536.0,1216.0,0.0,18432.0,7270.7,44032.0,26257.4,7296.0,6868.4,896.0,749.6,2716,14.412,1,0.040,14.452
1564945,7684270,374,133800,1536.0,1536.0,0.0,1312.0,18432.0,1735.8,44032.0,28521.4,7296.0,6868.4,896.0,749.6,2817,14.956,1,0.040,14.995
1625136,7966406,374,133820,1536.0,1536.0,1248.0,0.0,18432.0,5989.6,44032.0,30897.4,7296.0,6870.3,896.0,749.6,2920,15.514,1,0.040,15.554
1685336,8246156,373,133808,1536.0,1536.0,1312.0,0.0,18432.0,12662.3,44032.0,33305.4,7296.0,6870.3,896.0,749.6,3022,16.060,1,0.040,16.099
1745520,8529388,373,133876,1536.0,1536.0,1216.0,0.0,18432.0,6256.8,44032.0,35649.4,7296.0,6870.6,896.0,749.6,3126,16.629,1,0.040,16.669
1805710,8830630,373,133860,1536.0,1536.0,1312.0,0.0,18432.0,9663.6,44032.0,38457.4,7296.0,6870.6,896.0,749.6,3236,17.205,1,0.040,17.245
1865891,9121292,373,134176,1536.0,1536.0,1280.0,0.0,18432.0,15980.9,44032.0,40881.4,7296.0,6872.3,896.0,749.6,3342,17.775,1,0.040,17.815
1926083,9402716,373,134188,1536.0,1536.0,0.0,1312.0,18432.0,15984.6,44032.0,43185.4,7296.0,6878.3,896.0,749.6,3445,18.316,1,0.040,18.355
1986265,9665880,372,134336,1536.0,1536.0,1248.0,0.0,18432.0,2651.5,44032.0,6890.5,7296.0,6879.1,896.0,749.6,3542,18.842,2,0.071,18.913
2046450,9932316,372,134324,1536.0,1536.0,0.0,1312.0,18432.0,11658.1,44032.0,9210.5,7296.0,6879.4,896.0,749.6,3639,19.341,2,0.071,19.412
2106633,10233120,372,134428,1536.0,1536.0,0.0,1216.0,18432.0,12678.2,44032.0,11890.5,7296.0,6879.9,896.0,749.6,3749,19.942,2,0.071,20.013
2166830,10526678,372,134352,1536.0,1536.0,0.0,1248.0,18432.0,1372.1,44032.0,14338.5,7296.0,6879.9,896.0,749.6,3857,20.511,2,0.071,20.581
2227027,10837580,372,134672,1536.0,1536.0,1248.0,0.0,18432.0,14302.8,44032.0,17170.5,7296.0,6879.9,896.0,749.6,3970,21.095,2,0.071,21.165
2287204,11137896,372,134620,1536.0,1536.0,1216.0,0.0,18432.0,12292.0,44032.0,19794.5,7296.0,6879.9,896.0,749.6,4080,21.677,2,0.071,21.748
2347387,11442920,372,134604,1536.0,1536.0,1280.0,0.0,18432.0,4612.9,44032.0,22698.5,7296.0,6881.0,896.0,749.6,4192,22.252,2,0.071,22.322
2407577,11753638,373,134824,1536.0,1536.0,0.0,1248.0,18432.0,15812.4,44032.0,25442.5,7296.0,6881.6,896.0,749.6,4305,22.853,2,0.071,22.923
2467763,12072310,373,134784,1536.0,1536.0,1312.0,0.0,18432.0,8732.6,44032.0,28186.5,7296.0,6882.1,896.0,749.6,4422,23.473,2,0.071,23.544
2527953,12376582,373,134800,1536.0,1536.0,0.0,1248.0,18432.0,14430.1,44032.0,30746.5,7296.0,6882.8,896.0,749.6,4533,24.047,2,0.071,24.118
2588144,12678618,373,134812,1536.0,1536.0,1280.0,0.0,18432.0,5616.9,44032.0,33386.5,7296.0,6884.2,896.0,749.6,4644,24.617,2,0.071,24.688
2648328,12986392,373,135052,1536.0,1536.0,1248.0,0.0,18432.0,16619.9,44032.0,36146.5,7296.0,6884.2,896.0,749.6,4756,25.203,2,0.071,25.274
2708515,13293650,374,135024,1536.0,1536.0,0.0,1184.0,18432.0,5074.4,44032.0,38866.5,7296.0,6884.6,896.0,749.6,4869,25.781,2,0.071,25.852
2768698,13593316,374,135016,1536.0,1536.0,1280.0,0.0,18432.0,17266.9,44032.0,41298.5,7296.0,6884.9,896.0,749.6,4978,26.361,2,0.071,26.431
2828894,13885888,373,137652,1536.0,1536.0,0.0,1280.0,18432.0,17905.5,44032.0,43802.5,7296.0,6884.9,896.0,749.6,5085,26.933,2,0.071,27.004
2889084,14175270,373,137600,1536.0,1536.0,0.0,1248.0,18432.0,14852.1,44032.0,7526.9,7296.0,6884.9,896.0,749.6,5191,27.483,3,0.108,27.591
2949282,14457826,373,137576,1536.0,1536.0,0.0,1312.0,18432.0,3291.4,44032.0,10126.9,7296.0,6884.9,896.0,749.6,5295,28.019,3,0.108,28.127
3009474,14748260,373,137948,1536.0,1536.0,0.0,1248.0,18432.0,6538.9,44032.0,12718.9,7296.0,6884.9,896.0,749.6,5401,28.572,3,0.108,28.680
3069654,15052508,373,137968,1536.0,1536.0,1280.0,0.0,18432.0,12327.3,44032.0,15454.9,7296.0,6886.7,896.0,749.6,5512,29.141,3,0.108,29.249
3129839,15348242,373,139976,1536.0,1536.0,1184.0,0.0,18432.0,15870.3,44032.0,18086.9,7296.0,6886.7,896.0,749.6,5620,29.707,3,0.108,29.815
3190024,15640738,373,137912,1536.0,1536.0,0.0,1312.0,18432.0,14699.0,44032.0,20646.9,7296.0,6888.9,896.0,749.6,5727,30.259,3,0.108,30.367
3250216,15930268,373,137896,1536.0,1536.0,0.0,1184.0,18432.0,13761.9,44032.0,23174.9,7296.0,6888.9,896.0,749.6,5833,30.802,3,0.108,30.910
3310396,16219620,373,138348,1536.0,1536.0,0.0,1216.0,18432.0,11289.4,44032.0,25542.9,7296.0,6888.9,896.0,749.6,5939,31.356,3,0.108,31.464
3370601,16508668,373,138380,1536.0,1536.0,0.0,1248.0,18432.0,6803.3,44032.0,28030.9,7296.0,6889.3,896.0,749.6,6045,31.906,3,0.108,32.014
3430795,16792800,372,138360,1536.0,1536.0,0.0,1280.0,18432.0,6539.0,44032.0,30334.9,7296.0,6889.9,896.0,749.6,6149,32.455,3,0.108,32.563
3490991,17082502,372,138384,1536.0,1536.0,0.0,1216.0,18432.0,6344.0,44032.0,32966.9,7296.0,6890.2,896.0,749.6,6255,33.004,3,0.108,33.112
3551172,17380436,372,138372,1536.0,1536.0,1344.0,0.0,18432.0,5256.2,44032.0,35678.9,7296.0,6890.9,896.0,749.6,6364,33.575,3,0.108,33.683
3611353,17673874,372,138344,1536.0,1536.0,0.0,1280.0,18432.0,11392.5,44032.0,38166.9,7296.0,6893.8,896.0,749.6,6471,34.145,3,0.108,34.253
3671539,17960488,372,138316,1536.0,1536.0,1248.0,0.0,18432.0,9014.4,44032.0,40662.9,7296.0,6894.6,896.0,749.6,6576,34.695,3,0.108,34.803
3731726,18248122,372,138320,1536.0,1536.0,0.0,1280.0,18432.0,12762.8,44032.0,43278.9,7296.0,6897.7,896.0,749.6,6681,35.247,3,0.108,35.355
3791912,18552272,372,138444,1536.0,1536.0,0.0,1184.0,18432.0,366.0,44032.0,7233.5,7296.0,6900.2,896.0,749.6,6793,35.826,4,0.140,35.966
3852086,18854440,372,138408,1536.0,1536.0,0.0,1216.0,18432.0,9468.7,44032.0,9961.5,7296.0,6903.4,896.0,749.6,6903,36.397,4,0.140,36.537
3912270,19140726,372,138416,1536.0,1536.0,1248.0,0.0,18432.0,4338.8,44032.0,12377.5,7296.0,6906.1,896.0,749.6,7008,36.940,4,0.140,37.080
3972457,19445196,372,138356,1536.0,1536.0,0.0,1280.0,18432.0,11767.8,44032.0,15001.5,7296.0,6906.1,896.0,749.6,7119,37.528,4,0.140,37.668
4032640,19756420,372,138384,1536.0,1536.0,0.0,1312.0,18432.0,9754.5,44032.0,17745.5,7296.0,6906.1,896.0,749.6,7233,38.135,4,0.140,38.275
4092831,20061332,372,138420,1536.0,1536.0,0.0,1248.0,18432.0,640.7,44032.0,20489.5,7296.0,6906.5,896.0,749.6,7345,38.718,4,0.140,38.858
4153021,20362358,372,138376,1536.0,1536.0,0.0,1312.0,18432.0,2657.9,44032.0,23041.5,7296.0,6906.8,896.0,749.6,7455,39.301,4,0.140,39.441
4213210,20645586,372,138412,1536.0,1536.0,1344.0,0.0,18432.0,14044.1,44032.0,25361.5,7296.0,6906.8,896.0,749.6,7558,39.849,4,0.140,39.989
4273393,20943650,372,138384,1536.0,1536.0,0.0,1376.0,18432.0,14242.4,44032.0,28033.5,7296.0,6906.8,896.0,749.6,7667,40.413,4,0.140,40.553
4333574,21211282,372,138388,1536.0,1536.0,0.0,1248.0,18432.0,12571.8,44032.0,30329.5,7296.0,6907.2,896.0,749.6,7765,40.933,4,0.140,41.073
4393767,21515752,372,138380,1536.0,1536.0,0.0,1312.0,18432.0,1739.4,44032.0,32905.5,7296.0,6907.7,896.0,749.6,7877,41.526,4,0.140,41.666
4453952,21824504,372,138360,1536.0,1536.0,1248.0,0.0,18432.0,1282.6,44032.0,35657.5,7296.0,6907.7,896.0,749.6,7990,42.119,4,0.140,42.259
4514134,22121168,372,138344,1536.0,1536.0,1248.0,0.0,18432.0,10109.4,44032.0,38433.5,7296.0,6908.1,896.0,749.6,8098,42.673,4,0.140,42.813
4574318,22426172,372,138328,1536.0,1536.0,1248.0,0.0,18432.0,2292.4,44032.0,41105.5,7296.0,6908.1,896.0,749.6,8210,43.266,4,0.140,43.406
4634490,22729628,372,138344,1536.0,1536.0,0.0,1280.0,18432.0,2473.2,44032.0,43809.5,7296.0,6908.1,896.0,749.6,8321,43.840,4,0.140,43.980
4694676,23029012,372,138312,1536.0,1536.0,1280.0,0.0,18432.0,11468.3,44032.0,7793.6,7296.0,6908.1,896.0,749.6,8430,44.401,5,0.168,44.569
4754864,23302574,372,140488,1536.0,1536.0,1184.0,0.0,18432.0,13396.2,44032.0,10249.6,7296.0,6908.7,896.0,749.6,8530,44.926,5,0.168,45.094
4815057,23582124,372,138420,1536.0,1536.0,0.0,1312.0,18432.0,272.7,44032.0,12729.6,7296.0,6909.1,896.0,749.6,8633,45.460,5,0.168,45.628
4875244,23872560,372,138428,1536.0,1536.0,0.0,1248.0,18432.0,4696.8,44032.0,15177.6,7296.0,6909.1,896.0,749.6,8739,46.009,5,0.168,46.177
4935430,24152024,372,138392,1536.0,1536.0,0.0,1280.0,18432.0,8541.7,44032.0,17569.6,7296.0,6909.1,896.0,749.6,8841,46.558,5,0.168,46.726
4995624,24438910,372,139628,1536.0,1536.0,1280.0,0.0,18432.0,8098.3,44032.0,20017.6,7296.0,6909.9,896.0,749.6,8946,47.119,5,0.168,47.287
5055806,24726566,372,138420,1536.0,1536.0,0.0,1280.0,18432.0,13500.1,44032.0,22553.6,7296.0,6910.9,896.0,749.6,9051,47.678,5,0.168,47.846
5115994,25027700,372,138396,1536.0,1536.0,0.0,1216.0,18432.0,17073.6,44032.0,25073.6,7296.0,6911.7,896.0,749.6,9161,48.261,5,0.168,48.429
5176176,25338348,372,138360,1536.0,1536.0,0.0,1280.0,18432.0,9922.2,44032.0,28153.6,7296.0,6911.7,896.0,749.6,9275,48.852,5,0.168,49.020
5236356,25620484,372,138336,1536.0,1536.0,1280.0,0.0,18432.0,14235.6,44032.0,30665.6,7296.0,6912.4,896.0,749.6,9378,49.403,5,0.168,49.571
5296543,25915610,372,138380,1536.0,1536.0,1312.0,0.0,18432.0,14325.8,44032.0,33161.6,7296.0,6912.4,896.0,749.6,9486,49.971,5,0.168,50.139
5356727,26210002,372,138356,1536.0,1536.0,1376.0,0.0,18432.0,8188.5,44032.0,35945.6,7296.0,6912.4,896.0,749.6,9594,50.540,5,0.168,50.708
5416917,26514900,372,138316,1536.0,1536.0,1280.0,0.0,18432.0,366.6,44032.0,38817.6,7296.0,6912.4,896.0,749.6,9706,51.127,5,0.168,51.294
5477099,26798648,372,138344,1536.0,1536.0,0.0,1184.0,18432.0,14971.9,44032.0,41241.6,7296.0,6912.4,896.0,749.6,9809,51.674,5,0.168,51.842
5537286,27101574,372,138652,1536.0,1536.0,1216.0,0.0,18432.0,10850.4,44032.0,43913.6,7296.0,6912.4,896.0,749.6,9920,52.249,5,0.168,52.417
5597465,27419918,372,138644,1536.0,1536.0,0.0,1184.0,18432.0,549.2,44032.0,8157.0,7296.0,6912.4,896.0,749.6,10037,52.865,6,0.202,53.067
5657644,27735946,372,138676,1536.0,1536.0,1184.0,0.0,18432.0,11023.8,44032.0,10821.0,7296.0,6912.8,896.0,749.6,10152,53.453,6,0.202,53.655
5717830,28032708,372,138660,1536.0,1536.0,0.0,1248.0,18432.0,3300.6,44032.0,13413.0,7296.0,6913.1,896.0,749.6,10261,54.029,6,0.202,54.231
5778020,28341032,372,138656,1536.0,1536.0,1216.0,0.0,18432.0,0.0,44032.0,16245.0,7296.0,6917.5,896.0,749.6,10374,54.623,6,0.202,54.825
5838201,28643628,372,140908,1536.0,1536.0,1312.0,0.0,18432.0,12784.0,44032.0,18869.0,7296.0,6917.5,896.0,749.6,10484,55.198,6,0.202,55.400
5898388,28932474,372,138860,1536.0,1536.0,1248.0,0.0,18432.0,6705.1,44032.0,21293.0,7296.0,6919.2,896.0,749.6,10590,55.749,6,0.202,55.951
5958571,29228028,372,138872,1536.0,1536.0,1280.0,0.0,18432.0,9459.8,44032.0,23917.0,7296.0,6919.9,896.0,749.6,10698,56.309,6,0.202,56.511
6018751,29528684,372,138860,1536.0,1536.0,1248.0,0.0,18432.0,9759.2,44032.0,26645.0,7296.0,6919.9,896.0,749.6,10808,56.871,6,0.202,57.073
6078933,29816606,372,140904,1536.0,1536.0,0.0,1280.0,18432.0,14518.9,44032.0,29045.0,7296.0,6919.9,896.0,749.6,10913,57.426,6,0.202,57.627
6139116,30130896,372,138840,1536.0,1536.0,1280.0,0.0,18432.0,14966.8,44032.0,31781.0,7296.0,6919.9,896.0,749.6,11028,58.014,6,0.202,58.215
6199291,30424774,372,138832,1536.0,1536.0,1312.0,0.0,18432.0,5262.2,44032.0,34629.0,7296.0,6919.9,896.0,749.6,11136,58.577,6,0.202,58.779
6259472,30723934,372,139068,1536.0,1536.0,0.0,1280.0,18432.0,13512.0,44032.0,37277.0,7296.0,6919.9,896.0,749.6,11245,59.141,6,0.202,59.343
6319662,31021580,372,139156,1536.0,1536.0,1280.0,0.0,18432.0,11668.9,44032.0,39637.0,7296.0,6919.9,896.0,749.6,11354,59.721,6,0.202,59.922
6379853,31308490,372,139180,1536.0,1536.0,0.0,1216.0,18432.0,11299.8,44032.0,42285.0,7296.0,6920.2,896.0,749.6,11459,60.280,6,0.202,60.482
6440048,31595980,372,139420,1536.0,1536.0,1312.0,0.0,18432.0,14499.2,44032.0,6237.1,7296.0,6921.3,896.0,749.6,11564,60.844,7,0.238,61.082
6500247,31876206,372,139668,1536.0,1536.0,0.0,1248.0,18432.0,5902.6,44032.0,8733.1,7296.0,6921.3,896.0,749.6,11667,61.404,7,0.238,61.642
6560445,32145058,372,139632,1536.0,1536.0,0.0,1280.0,18432.0,11929.2,44032.0,11021.1,7296.0,6921.3,896.0,749.6,11765,61.931,7,0.238,62.169
6620621,32414530,372,139648,1536.0,1536.0,1216.0,0.0,18432.0,4614.5,44032.0,13301.1,7296.0,6921.6,896.0,749.6,11864,62.454,7,0.238,62.692
6680821,32698732,372,139620,1536.0,1536.0,1312.0,0.0,18432.0,4055.0,44032.0,15965.1,7296.0,6921.6,896.0,749.6,11968,63.017,7,0.238,63.256
6741016,32957690,372,139860,1536.0,1536.0,1216.0,0.0,18432.0,16709.4,44032.0,18317.1,7296.0,6921.6,896.0,749.6,12062,63.530,7,0.238,63.769
6801216,33239150,372,139892,1536.0,1536.0,0.0,1248.0,18432.0,15904.5,44032.0,20789.1,7296.0,6921.6,896.0,749.6,12165,64.087,7,0.238,64.326
6861417,33508994,372,139840,1536.0,1536.0,1248.0,0.0,18432.0,11662.3,44032.0,23237.1,7296.0,6921.6,896.0,749.6,12264,64.615,7,0.238,64.853
6921609,33765022,372,139848,1536.0,1536.0,1312.0,0.0,18432.0,5804.4,44032.0,25541.1,7296.0,6922.8,896.0,749.6,12358,65.123,7,0.238,65.361
6981798,34071926,372,139884,1536.0,1536.0,1312.0,0.0,18432.0,10656.4,44032.0,28205.1,7296.0,6923.8,896.0,749.6,12470,65.723,7,0.238,65.962
7041982,34353084,372,139880,1536.0,1536.0,0.0,1216.0,18432.0,8354.2,44032.0,30741.1,7296.0,6926.1,896.0,749.6,12573,66.267,7,0.238,66.506
7102177,34647334,372,139840,1536.0,1536.0,0.0,1280.0,18432.0,2376.2,44032.0,33621.1,7296.0,6926.1,896.0,749.6,12681,66.848,7,0.238,67.086
7162371,34933070,372,139844,1536.0,1536.0,0.0,1312.0,18432.0,12225.5,44032.0,36149.1,7296.0,6926.1,896.0,749.6,12785,67.411,7,0.238,67.650
7222667,35115188,371,139888,2048.0,2048.0,0.0,0.0,17408.0,28.1,44032.0,1056.9,7296.0,6926.2,896.0,749.6,12855,67.783,10,0.309,68.092

[04:16:58] Executed 35115188 hash/verify in 7200s.