--------------------------------------------------
Configuration
--------------------------------------------------
Backend:		automatic
Runtime:		7200 seconds
Collect stats:		every 60 seconds
Java threads:		4
Salt length:		16 bytes
Password length:	12 bytes
Secret length:		0 bytes
AD length:		0 bytes
Hash length:		32 bytes
Type:			Argon2id
Version:		v13
Memory cost:		32768 KB
Time cost:		1 passes
Parallelism:		1 lanes/threads
--------------------------------------------------
[10:49:21] Pid: 21958. Estimated completion before 12:50:21

T,C,%CPU,RSS,S0C,S1C,S0U,S1U,EC,EU,OC,OU,MC,MU,CCSC,CCSU,YGC,YGCT,FGC,FGCT,GCT
0,0,0.0,32860,5120.0,5120.0,0.0,0.0,33280.0,3994.8,87552.0,0.0,4480.0,773.8,384.0,75.8,0,0.000,0,0.000,0.000
60284,2822,358,147788,5120.0,5120.0,0.0,0.0,33280.0,31286.6,87552.0,0.0,4480.0,773.8,384.0,75.8,0,0.000,0,0.000,0.000
120513,5730,361,171928,5120.0,5120.0,0.0,2559.1,33280.0,20782.9,87552.0,8.0,7040.0,6758.5,896.0,745.7,1,0.018,0,0.000,0.018
180723,8592,362,122136,5120.0,5120.0,2464.0,0.0,33280.0,8997.7,87552.0,16.0,7040.0,6768.4,896.0,745.7,2,0.043,0,0.000,0.043
240948,11444,362,190348,5120.0,5120.0,2464.0,0.0,33280.0,30111.4,87552.0,16.0,7040.0,6768.4,896.0,745.7,2,0.043,0,0.000,0.043
301180,14240,361,144888,5120.0,5120.0,0.0,2448.0,33280.0,17617.3,87552.0,24.0,7040.0,6771.0,896.0,746.7,3,0.060,0,0.000,0.060
361428,17056,361,146892,5120.0,5120.0,2368.0,0.0,33280.0,4622.0,87552.0,32.0,7040.0,6778.7,896.0,746.7,4,0.076,0,0.000,0.076
421632,19906,361,188904,5120.0,5120.0,2368.0,0.0,33280.0,25354.9,87552.0,32.0,7040.0,6778.7,896.0,746.7,4,0.076,0,0.000,0.076
481839,22840,361,132040,3072.0,5120.0,0.0,2352.0,33280.0,13141.1,87552.0,40.0,7296.0,6781.0,896.0,746.7,5,0.086,0,0.000,0.086
542035,25734,362,183296,3072.0,3072.0,2432.0,0.0,37376.0,902.3,87552.0,40.0,7296.0,6781.0,896.0,746.7,6,0.100,0,0.000,0.100
602264,28578,361,174580,3072.0,3072.0,2432.0,0.0,37376.0,21619.3,87552.0,40.0,7296.0,6781.0,896.0,746.7,6,0.100,0,0.000,0.100
662469,31420,361,190376,3072.0,3072.0,0.0,1568.0,37376.0,4887.6,87552.0,1104.1,7296.0,6783.2,896.0,746.7,7,0.114,0,0.000,0.114
722675,34290,361,185360,3072.0,3072.0,0.0,1568.0,37376.0,25545.8,87552.0,1104.1,7296.0,6783.2,896.0,746.7,7,0.114,0,0.000,0.114
782886,37132,361,186756,3072.0,3072.0,1568.0,0.0,37376.0,9245.3,87552.0,1128.1,7296.0,6784.0,896.0,746.7,8,0.128,0,0.000,0.128
843116,39962,361,169700,3072.0,3072.0,1568.0,0.0,37376.0,29277.7,87552.0,1128.1,7296.0,6784.0,896.0,746.7,8,0.128,0,0.000,0.128
903334,42718,361,172560,3072.0,3072.0,0.0,1504.0,37376.0,12291.9,87552.0,1128.1,7296.0,6784.0,896.0,746.7,9,0.144,0,0.000,0.144
963555,45528,361,131084,3072.0,3072.0,0.0,1504.0,37376.0,32442.9,87552.0,1128.1,7296.0,6784.0,896.0,746.7,9,0.144,0,0.000,0.144
1023798,48324,361,165960,3072.0,3072.0,1600.0,0.0,37376.0,15135.1,87552.0,1128.1,7296.0,6784.1,896.0,746.7,10,0.153,0,0.000,0.153
1084027,51158,361,136624,3072.0,3072.0,1600.0,0.0,37376.0,35569.5,87552.0,1128.1,7296.0,6784.1,896.0,746.7,10,0.153,0,0.000,0.153
1144267,53992,361,166216,3072.0,3072.0,0.0,1632.0,37376.0,18867.0,87552.0,1152.1,7296.0,6794.9,896.0,746.7,11,0.163,0,0.000,0.163
1204461,56872,361,167008,3072.0,3072.0,1568.0,0.0,37376.0,2260.1,87552.0,1176.1,7296.0,6794.9,896.0,746.7,12,0.176,0,0.000,0.176
1264672,59680,361,180508,3072.0,3072.0,1568.0,0.0,37376.0,22550.2,87552.0,1176.1,7296.0,6794.9,896.0,746.7,12,0.176,0,0.000,0.176
1324913,62456,361,172304,3072.0,3072.0,0.0,1536.0,37376.0,5216.7,87552.0,1192.1,7296.0,6796.2,896.0,746.7,13,0.186,0,0.000,0.186
1385137,65242,361,171516,3072.0,3072.0,0.0,1536.0,37376.0,25607.0,87552.0,1192.1,7296.0,6796.2,896.0,746.7,13,0.186,0,0.000,0.186
1445335,68028,361,177856,3072.0,3072.0,1472.0,0.0,37376.0,8859.8,87552.0,1208.1,7296.0,6796.5,896.0,746.7,14,0.197,0,0.000,0.197
1505587,70868,361,165424,3072.0,3072.0,1472.0,0.0,37376.0,28942.1,87552.0,1208.1,7296.0,6796.5,896.0,746.7,14,0.197,0,0.000,0.197
1565809,73676,361,190008,3072.0,3072.0,0.0,1536.0,37376.0,12151.1,87552.0,1224.1,7296.0,6798.1,896.0,746.7,15,0.208,0,0.000,0.208
1626068,76394,361,143232,3072.0,3072.0,0.0,1536.0,37376.0,31651.6,87552.0,1224.1,7296.0,6798.1,896.0,746.7,15,0.208,0,0.000,0.208
1686288,79180,361,184576,3072.0,3072.0,1536.0,0.0,37376.0,14832.6,87552.0,1240.1,7296.0,6805.3,896.0,746.7,16,0.218,0,0.000,0.218
1746529,81898,361,185916,3072.0,3072.0,1536.0,0.0,37376.0,34177.6,87552.0,1240.1,7296.0,6805.3,896.0,746.7,16,0.218,0,0.000,0.218
1806766,84654,361,173228,3072.0,3072.0,0.0,1536.0,37376.0,16924.3,87552.0,1264.1,7296.0,6806.0,896.0,746.7,17,0.232,0,0.000,0.232
1866970,87312,361,158956,3072.0,3072.0,0.0,1536.0,37376.0,35683.8,87552.0,1264.1,7296.0,6806.0,896.0,746.7,17,0.232,0,0.000,0.232
1927191,90076,361,153412,3072.0,3072.0,1536.0,0.0,37376.0,18386.5,87552.0,1288.1,7296.0,6813.7,896.0,746.7,18,0.243,0,0.000,0.243
1987405,92774,361,178256,3072.0,3072.0,0.0,1600.0,37376.0,764.5,87552.0,1304.1,7296.0,6813.7,896.0,746.7,19,0.253,0,0.000,0.253
2047634,95590,361,180640,3072.0,3072.0,0.0,1600.0,37376.0,20890.9,87552.0,1304.1,7296.0,6813.7,896.0,746.7,19,0.253,0,0.000,0.253
2107832,98314,361,181696,3072.0,3072.0,1536.0,0.0,37376.0,3521.5,87552.0,1328.1,7296.0,6814.0,896.0,746.7,20,0.266,0,0.000,0.266
2168039,101032,361,163200,3072.0,3072.0,1536.0,0.0,37376.0,23054.4,87552.0,1328.1,7296.0,6814.0,896.0,746.7,20,0.266,0,0.000,0.266
2228273,103794,361,204688,2560.0,3072.0,0.0,1504.0,37376.0,5910.5,87552.0,1344.1,7296.0,6814.8,896.0,746.7,21,0.280,0,0.000,0.280
2288473,106536,361,158448,2560.0,3072.0,0.0,1504.0,37376.0,25263.1,87552.0,1344.1,7296.0,6814.8,896.0,746.7,21,0.280,0,0.000,0.280
2348679,109368,361,155808,2560.0,2560.0,1632.0,0.0,38400.0,8692.4,87552.0,1368.1,7296.0,6815.9,896.0,746.7,22,0.290,0,0.000,0.290
2408881,112232,361,165324,2560.0,2560.0,1632.0,0.0,38400.0,29455.4,87552.0,1368.1,7296.0,6815.9,896.0,746.7,22,0.290,0,0.000,0.290
2469111,115034,361,189744,2560.0,2560.0,0.0,1632.0,38400.0,11348.0,87552.0,1392.1,7296.0,6818.7,896.0,746.7,23,0.301,0,0.000,0.301
2529355,117810,361,184728,2560.0,2560.0,0.0,1632.0,38400.0,31202.3,87552.0,1392.1,7296.0,6818.7,896.0,746.7,23,0.301,0,0.000,0.301
2589573,120632,361,155668,2560.0,2560.0,1568.0,0.0,38400.0,13587.5,87552.0,1408.1,7296.0,6820.0,896.0,746.7,24,0.314,0,0.000,0.314
2649784,123448,361,140336,2560.0,2560.0,1568.0,0.0,38400.0,33618.4,87552.0,1408.1,7296.0,6820.0,896.0,746.7,24,0.314,0,0.000,0.314
2710020,126266,361,173364,2560.0,2560.0,0.0,1632.0,38400.0,15860.4,87552.0,1424.1,7296.0,6824.4,896.0,746.7,25,0.324,0,0.000,0.324
2770238,129158,361,143504,2560.0,2560.0,0.0,1632.0,38400.0,36807.3,87552.0,1424.1,7296.0,6824.4,896.0,746.7,25,0.324,0,0.000,0.324
2830457,131998,361,173376,2560.0,2560.0,1536.0,0.0,38400.0,19235.4,87552.0,1440.1,7296.0,6824.4,896.0,746.7,26,0.337,0,0.000,0.337
2890652,134860,361,161492,2560.0,2560.0,0.0,1504.0,38400.0,2291.8,87552.0,1456.1,7296.0,6825.8,896.0,746.7,27,0.349,0,0.000,0.349
2950848,137656,361,163584,2560.0,2560.0,0.0,1504.0,38400.0,22695.3,87552.0,1456.1,7296.0,6825.8,896.0,746.7,27,0.349,0,0.000,0.349
3011061,140526,361,227636,2560.0,2560.0,1568.0,0.0,38400.0,5311.5,87552.0,1480.1,7296.0,6826.2,896.0,746.7,28,0.360,0,0.000,0.360
3071285,143296,361,176988,2560.0,2560.0,1568.0,0.0,38400.0,25737.2,87552.0,1480.1,7296.0,6826.2,896.0,746.7,28,0.360,0,0.000,0.360
3131488,146144,361,193136,2560.0,2560.0,0.0,1536.0,38400.0,8322.5,87552.0,1496.1,7296.0,6826.5,896.0,746.7,29,0.371,0,0.000,0.371
3191717,148966,361,169352,2560.0,2560.0,0.0,1536.0,38400.0,28914.2,87552.0,1496.1,7296.0,6826.5,896.0,746.7,29,0.371,0,0.000,0.371
3251921,151702,361,178608,2560.0,2560.0,1536.0,0.0,38400.0,10780.1,87552.0,1512.1,7296.0,6828.1,896.0,746.7,30,0.382,0,0.000,0.382
3312163,154468,361,154560,2560.0,2560.0,1536.0,0.0,38400.0,31199.1,87552.0,1512.1,7296.0,6828.1,896.0,746.7,30,0.382,0,0.000,0.382
3372377,157286,361,153776,2560.0,2560.0,0.0,1568.0,38400.0,13590.6,87552.0,1536.1,7296.0,6828.5,896.0,746.7,31,0.393,0,0.000,0.393
3432599,160102,361,174124,2560.0,2560.0,0.0,1568.0,38400.0,34164.1,87552.0,1536.1,7296.0,6828.5,896.0,746.7,31,0.393,0,0.000,0.393
3492811,162928,361,175168,2560.0,2048.0,1568.0,0.0,38912.0,16696.8,87552.0,1552.1,7296.0,6828.5,896.0,746.7,32,0.401,0,0.000,0.401
3553029,165716,361,169616,2560.0,2048.0,1568.0,0.0,38912.0,37052.0,87552.0,1552.1,7296.0,6828.5,896.0,746.7,32,0.401,0,0.000,0.401
3613241,168460,361,175168,2048.0,2048.0,0.0,1632.0,38912.0,18412.3,87552.0,1568.1,7296.0,6832.0,896.0,746.7,33,0.411,0,0.000,0.411
3673451,171204,361,157736,2048.0,2048.0,0.0,1632.0,38912.0,38563.7,87552.0,1568.1,7296.0,6832.0,896.0,746.7,33,0.411,0,0.000,0.411
3733680,174014,361,192252,2048.0,2048.0,1632.0,0.0,39424.0,20737.4,87552.0,1592.1,7296.0,6833.0,896.0,746.7,34,0.421,0,0.000,0.421
3793883,176850,361,131756,2048.0,2048.0,0.0,1632.0,39424.0,2356.3,87552.0,1616.1,7296.0,6837.0,896.0,746.7,35,0.433,0,0.000,0.433
3854086,179668,361,161344,2048.0,2048.0,0.0,1632.0,39424.0,22780.4,87552.0,1616.1,7296.0,6837.0,896.0,746.7,35,0.433,0,0.000,0.433
3914311,182468,361,151816,2048.0,2048.0,1568.0,0.0,39424.0,3902.1,87552.0,1632.1,7296.0,6849.3,896.0,746.7,36,0.447,0,0.000,0.447
3974531,185220,361,216836,2048.0,2048.0,1568.0,0.0,39424.0,24287.6,87552.0,1632.1,7296.0,6849.3,896.0,746.7,36,0.447,0,0.000,0.447
4034751,188052,361,119592,2048.0,2048.0,0.0,1632.0,39424.0,5451.2,87552.0,1648.1,7296.0,6849.3,896.0,746.7,37,0.466,0,0.000,0.466
4094967,190874,361,161084,2048.0,2048.0,0.0,1632.0,39424.0,26411.9,87552.0,1648.1,7296.0,6849.3,896.0,746.7,37,0.466,0,0.000,0.466
4155181,193664,361,190092,2048.0,2048.0,1600.0,0.0,39424.0,7777.3,87552.0,1664.1,7296.0,6850.0,896.0,746.7,38,0.477,0,0.000,0.477
4215391,196494,361,181164,2048.0,2048.0,1600.0,0.0,39424.0,28296.4,87552.0,1664.1,7296.0,6850.0,896.0,746.7,38,0.477,0,0.000,0.477
4275600,199274,361,152360,2048.0,2048.0,0.0,1664.0,39424.0,9325.2,87552.0,1680.1,7296.0,6850.4,896.0,746.7,39,0.486,0,0.000,0.486
4335840,202090,361,140736,2048.0,2048.0,0.0,1664.0,39424.0,30091.9,87552.0,1680.1,7296.0,6850.4,896.0,746.7,39,0.486,0,0.000,0.486
4396063,204856,361,185920,2048.0,2048.0,1536.0,0.0,39424.0,10874.9,87552.0,1704.1,7296.0,6850.7,896.0,746.7,40,0.499,0,0.000,0.499
4456288,207600,361,172968,2048.0,2048.0,1536.0,0.0,39424.0,31255.9,87552.0,1704.1,7296.0,6850.7,896.0,746.7,40,0.499,0,0.000,0.499
4516541,210268,361,177732,2048.0,2048.0,0.0,1568.0,39424.0,11649.9,87552.0,1720.1,7296.0,6850.7,896.0,746.7,41,0.511,0,0.000,0.511
4576765,213008,361,148664,2048.0,2048.0,0.0,1568.0,39424.0,31642.4,87552.0,1720.1,7296.0,6850.7,896.0,746.7,41,0.511,0,0.000,0.511
4636969,215818,361,171124,2048.0,2048.0,1600.0,0.0,39424.0,13204.1,87552.0,1736.1,7296.0,6851.1,896.0,746.7,42,0.522,0,0.000,0.522
4697198,218600,361,194644,2048.0,2048.0,1600.0,0.0,39424.0,33396.9,87552.0,1736.1,7296.0,6851.1,896.0,746.7,42,0.522,0,0.000,0.522
4757404,221354,361,165568,2048.0,2048.0,0.0,1568.0,39424.0,14355.7,87552.0,1752.1,7296.0,6852.2,896.0,746.7,43,0.534,0,0.000,0.534
4817600,224088,361,199144,2048.0,2048.0,0.0,1568.0,39424.0,34148.8,87552.0,1752.1,7296.0,6852.2,896.0,746.7,43,0.534,0,0.000,0.534
4877821,226814,361,212140,2048.0,2048.0,1632.0,0.0,39424.0,14731.8,87552.0,1776.1,7296.0,6852.2,896.0,746.7,44,0.552,0,0.000,0.552
4938068,229580,361,171712,2048.0,2048.0,1632.0,0.0,39424.0,35087.9,87552.0,1776.1,7296.0,6852.2,896.0,746.7,44,0.552,0,0.000,0.552
4998296,232312,361,173816,2048.0,2048.0,0.0,1632.0,39424.0,16296.5,87552.0,1800.1,7296.0,6853.0,896.0,746.7,45,0.564,0,0.000,0.564
5058527,235080,361,166160,2048.0,2048.0,0.0,1632.0,39424.0,36093.5,87552.0,1800.1,7296.0,6853.0,896.0,746.7,45,0.564,0,0.000,0.564
5118744,237790,361,159552,2048.0,2048.0,1568.0,0.0,39424.0,16292.8,87552.0,1816.1,7296.0,6853.0,896.0,746.7,46,0.574,0,0.000,0.574
5178950,240566,361,191008,2048.0,2048.0,1568.0,0.0,39424.0,36857.4,87552.0,1816.1,7296.0,6853.0,896.0,746.7,46,0.574,0,0.000,0.574
5239163,243278,361,170132,2048.0,2048.0,0.0,1600.0,39424.0,17080.4,87552.0,1832.1,7296.0,6853.0,896.0,746.7,47,0.585,0,0.000,0.585
5299361,245998,361,151364,2048.0,2048.0,0.0,1600.0,39424.0,37080.5,87552.0,1832.1,7296.0,6853.0,896.0,746.7,47,0.585,0,0.000,0.585
5359580,248672,361,171452,2048.0,2048.0,1600.0,0.0,39424.0,17050.1,87552.0,1848.1,7296.0,6853.0,896.0,746.7,48,0.598,0,0.000,0.598
5419782,251364,361,160348,2048.0,2048.0,1600.0,0.0,39424.0,36953.4,87552.0,1848.1,7296.0,6853.0,896.0,746.7,48,0.598,0,0.000,0.598
5480029,254146,361,181236,2048.0,2048.0,0.0,1664.0,39424.0,17804.0,87552.0,1864.1,7296.0,6853.0,896.0,746.7,49,0.611,0,0.000,0.611
5540243,256912,361,196292,2048.0,2048.0,0.0,1664.0,39424.0,38134.8,87552.0,1864.1,7296.0,6853.0,896.0,746.7,49,0.611,0,0.000,0.611
5600479,259640,361,132876,2048.0,2048.0,1568.0,0.0,39424.0,18619.9,87552.0,1880.1,7296.0,6855.8,896.0,746.7,50,0.621,0,0.000,0.621
5660717,262384,361,154272,2048.0,2048.0,1568.0,0.0,39424.0,38803.1,87552.0,1880.1,7296.0,6855.8,896.0,746.7,50,0.621,0,0.000,0.621
5720928,265102,361,193268,2048.0,2048.0,0.0,1696.0,39424.0,19362.9,87552.0,1896.1,7296.0,6855.8,896.0,746.7,51,0.633,0,0.000,0.633
5781162,267916,361,163800,2048.0,2048.0,1600.0,0.0,39424.0,802.0,87552.0,1912.1,7296.0,6855.8,896.0,746.7,52,0.649,0,0.000,0.649
5841400,270700,361,154824,2048.0,2048.0,1600.0,0.0,39424.0,21178.1,87552.0,1912.1,7296.0,6855.8,896.0,746.7,52,0.649,0,0.000,0.649
5901610,273432,361,145576,2048.0,2048.0,0.0,1600.0,39424.0,1573.8,87552.0,1976.1,7296.0,6857.5,896.0,746.7,53,0.663,0,0.000,0.663
5961819,276148,361,164060,2048.0,2048.0,0.0,1600.0,39424.0,21137.1,87552.0,1976.1,7296.0,6857.5,896.0,746.7,53,0.663,0,0.000,0.663
6022037,278860,361,178332,2048.0,2048.0,1600.0,0.0,39424.0,1576.6,87552.0,1992.1,7296.0,6858.5,896.0,746.7,54,0.674,0,0.000,0.674
6082242,281622,361,180444,2048.0,2048.0,1600.0,0.0,39424.0,21881.5,87552.0,1992.1,7296.0,6858.5,896.0,746.7,54,0.674,0,0.000,0.674
6142454,284386,361,185188,2048.0,2048.0,0.0,1600.0,39424.0,2927.4,87552.0,2048.1,7296.0,6858.5,896.0,746.7,55,0.686,0,0.000,0.686
6202668,287170,361,206876,2048.0,2048.0,0.0,1600.0,39424.0,22857.8,87552.0,2048.1,7296.0,6858.5,896.0,746.7,55,0.686,0,0.000,0.686
6262890,289850,361,202900,2048.0,2048.0,1600.0,0.0,39424.0,3125.5,87552.0,2064.1,7296.0,6858.5,896.0,746.7,56,0.696,0,0.000,0.696
6323097,292510,361,210820,2048.0,2048.0,1600.0,0.0,39424.0,22718.8,87552.0,2064.1,7296.0,6858.5,896.0,746.7,56,0.696,0,0.000,0.696
6383320,295332,361,193652,2048.0,2048.0,0.0,1600.0,39424.0,3902.0,87552.0,2080.1,7296.0,6858.8,896.0,746.7,57,0.710,0,0.000,0.710
6443510,298148,361,185716,2048.0,2048.0,0.0,1600.0,39424.0,24281.7,87552.0,2080.1,7296.0,6858.8,896.0,746.7,57,0.710,0,0.000,0.710
6503718,301006,361,198468,2048.0,2048.0,1696.0,0.0,39424.0,5454.1,87552.0,2104.1,7296.0,6860.0,896.0,746.7,58,0.721,0,0.000,0.721
6563927,303790,361,216688,2048.0,2048.0,1696.0,0.0,39424.0,25843.9,87552.0,2104.1,7296.0,6860.0,896.0,746.7,58,0.721,0,0.000,0.721
6624165,306558,361,157616,2048.0,2048.0,0.0,1632.0,39424.0,6220.3,87552.0,2120.1,7296.0,6860.6,896.0,746.7,59,0.732,0,0.000,0.732
6684360,309376,361,129600,2048.0,2048.0,0.0,1632.0,39424.0,26968.5,87552.0,2120.1,7296.0,6860.6,896.0,746.7,59,0.732,0,0.000,0.732
6744572,312216,361,153120,2048.0,2048.0,1664.0,0.0,39424.0,8561.1,87552.0,2144.1,7296.0,6860.6,896.0,746.7,60,0.745,0,0.000,0.745
6804778,314988,361,180340,2048.0,2048.0,1664.0,0.0,39424.0,28382.6,87552.0,2144.1,7296.0,6860.6,896.0,746.7,60,0.745,0,0.000,0.745
6865007,317728,361,177952,2048.0,2048.0,0.0,1568.0,39424.0,9326.1,87552.0,2160.1,7296.0,6860.9,896.0,746.7,61,0.757,0,0.000,0.757
6925213,320484,361,171124,2048.0,2048.0,0.0,1568.0,39424.0,28963.3,87552.0,2160.1,7296.0,6860.9,896.0,746.7,61,0.757,0,0.000,0.757
6985423,323326,361,180644,2048.0,2048.0,1600.0,0.0,39424.0,10876.8,87552.0,2176.1,7296.0,6863.9,896.0,746.7,62,0.770,0,0.000,0.770
7045659,326166,361,198892,2048.0,2048.0,1600.0,0.0,39424.0,31063.6,87552.0,2176.1,7296.0,6863.9,896.0,746.7,62,0.770,0,0.000,0.770
7105875,329008,361,173772,2048.0,2048.0,0.0,1664.0,39424.0,12414.4,87552.0,2200.1,7296.0,6869.6,896.0,746.7,63,0.779,0,0.000,0.779
7166095,331780,361,182484,2048.0,2048.0,0.0,1664.0,39424.0,32582.2,87552.0,2200.1,7296.0,6869.6,896.0,746.7,63,0.779,0,0.000,0.779
7226401,333328,360,107384,2560.0,2560.0,0.0,0.0,38400.0,28.2,87552.0,1039.6,7296.0,6864.7,896.0,744.0,67,0.803,3,0.043,0.846

[12:49:47] Executed 333328 hash/verify in 7200s.